This file contains any messages produced by compilers while
running configure, to aid debugging if configure makes a mistake.

It was created by OpenJDK configure jdk8, which was
generated by GNU Autoconf 2.69.  Invocation command line was

  $ ./common/autoconf/configure --enable-option-checking=fatal

## --------- ##
## Platform. ##
## --------- ##

hostname = bogon
uname -m = x86_64
uname -r = 2.6.32-573.el6.x86_64
uname -s = Linux
uname -v = #1 SMP Thu Jul 23 15:44:03 UTC 2015

/usr/bin/uname -p = unknown
/bin/uname -X     = unknown

/bin/arch              = x86_64
/usr/bin/arch -k       = unknown
/usr/convex/getsysinfo = unknown
/usr/bin/hostinfo      = unknown
/bin/machine           = unknown
/usr/bin/oslevel       = unknown
/bin/universe          = unknown

PATH: /data/software/jdk1.8.0_60/bin
PATH: /usr/local/sbin
PATH: /usr/local/bin
PATH: /sbin
PATH: /bin
PATH: /usr/sbin
PATH: /usr/bin
PATH: /root/bin


## ----------- ##
## Core tests. ##
## ----------- ##

configure:3899: Configuration created at Sun Sep  4 08:23:02 CST 2016.
configure:3901: configure script generated at timestamp 1433258489.
configure:3918: checking for basename
configure:3936: found /bin/basename
configure:3948: result: /bin/basename
configure:3977: checking for bash
configure:4007: result: /bin/bash
configure:4036: checking for cat
configure:4054: found /bin/cat
configure:4066: result: /bin/cat
configure:4095: checking for chmod
configure:4113: found /bin/chmod
configure:4125: result: /bin/chmod
configure:4154: checking for cmp
configure:4172: found /usr/bin/cmp
configure:4184: result: /usr/bin/cmp
configure:4213: checking for comm
configure:4231: found /usr/bin/comm
configure:4243: result: /usr/bin/comm
configure:4272: checking for cp
configure:4290: found /bin/cp
configure:4302: result: /bin/cp
configure:4331: checking for cpio
configure:4349: found /bin/cpio
configure:4361: result: /bin/cpio
configure:4390: checking for cut
configure:4408: found /bin/cut
configure:4420: result: /bin/cut
configure:4449: checking for date
configure:4467: found /bin/date
configure:4479: result: /bin/date
configure:4508: checking for gdiff
configure:4541: result: no
configure:4508: checking for diff
configure:4526: found /usr/bin/diff
configure:4538: result: /usr/bin/diff
configure:4567: checking for dirname
configure:4585: found /usr/bin/dirname
configure:4597: result: /usr/bin/dirname
configure:4626: checking for echo
configure:4644: found /bin/echo
configure:4656: result: /bin/echo
configure:4685: checking for expr
configure:4703: found /usr/bin/expr
configure:4715: result: /usr/bin/expr
configure:4744: checking for file
configure:4762: found /usr/bin/file
configure:4774: result: /usr/bin/file
configure:4803: checking for find
configure:4821: found /bin/find
configure:4833: result: /bin/find
configure:4862: checking for head
configure:4880: found /usr/bin/head
configure:4892: result: /usr/bin/head
configure:4921: checking for ln
configure:4939: found /bin/ln
configure:4951: result: /bin/ln
configure:4980: checking for ls
configure:4998: found /bin/ls
configure:5010: result: /bin/ls
configure:5039: checking for mkdir
configure:5057: found /bin/mkdir
configure:5069: result: /bin/mkdir
configure:5098: checking for mktemp
configure:5116: found /bin/mktemp
configure:5128: result: /bin/mktemp
configure:5157: checking for mv
configure:5175: found /bin/mv
configure:5187: result: /bin/mv
configure:5216: checking for printf
configure:5234: found /usr/bin/printf
configure:5246: result: /usr/bin/printf
configure:5275: checking for rm
configure:5293: found /bin/rm
configure:5305: result: /bin/rm
configure:5334: checking for sh
configure:5352: found /bin/sh
configure:5364: result: /bin/sh
configure:5393: checking for sort
configure:5411: found /bin/sort
configure:5423: result: /bin/sort
configure:5452: checking for tail
configure:5470: found /usr/bin/tail
configure:5482: result: /usr/bin/tail
configure:5511: checking for tar
configure:5529: found /bin/tar
configure:5541: result: /bin/tar
configure:5570: checking for tee
configure:5588: found /usr/bin/tee
configure:5600: result: /usr/bin/tee
configure:5629: checking for touch
configure:5647: found /bin/touch
configure:5659: result: /bin/touch
configure:5688: checking for tr
configure:5706: found /usr/bin/tr
configure:5718: result: /usr/bin/tr
configure:5747: checking for uname
configure:5765: found /bin/uname
configure:5777: result: /bin/uname
configure:5806: checking for uniq
configure:5824: found /usr/bin/uniq
configure:5836: result: /usr/bin/uniq
configure:5865: checking for wc
configure:5883: found /usr/bin/wc
configure:5895: result: /usr/bin/wc
configure:5924: checking for which
configure:5942: found /usr/bin/which
configure:5954: result: /usr/bin/which
configure:5983: checking for xargs
configure:6001: found /usr/bin/xargs
configure:6013: result: /usr/bin/xargs
configure:6043: checking for gawk
configure:6059: found /bin/gawk
configure:6070: result: gawk
configure:6093: checking for grep that handles long lines and -e
configure:6151: result: /bin/grep
configure:6168: checking for egrep
configure:6230: result: /bin/grep -E
configure:6247: checking for fgrep
configure:6309: result: /bin/grep -F
configure:6326: checking for a sed that does not truncate output
configure:6390: result: /bin/sed
configure:6412: checking for nawk
configure:6445: result: no
configure:6412: checking for gawk
configure:6430: found /bin/gawk
configure:6442: result: /bin/gawk
configure:6476: checking for cygpath
configure:6509: result: no
configure:6516: checking for readlink
configure:6534: found /bin/readlink
configure:6546: result: /bin/readlink
configure:6556: checking for df
configure:6574: found /bin/df
configure:6586: result: /bin/df
configure:6596: checking for SetFile
configure:6629: result: no
configure:6642: checking build system type
configure:6656: result: x86_64-unknown-linux-gnu
configure:6676: checking host system type
configure:6689: result: x86_64-unknown-linux-gnu
configure:6709: checking target system type
configure:6722: result: x86_64-unknown-linux-gnu
configure:6900: checking openjdk-build os-cpu
configure:6902: result: linux-x86_64
configure:7037: checking openjdk-target os-cpu
configure:7039: result: linux-x86_64
configure:7089: checking compilation type
configure:7091: result: native
configure:7800: checking for presence of closed sources
configure:7807: result: no
configure:7810: checking if closed source is suppressed (openjdk-only)
configure:7813: result: no
configure:7850: checking which variant of the JDK to build
configure:7867: result: normal
configure:7877: checking which interpreter of the JVM to build
configure:7898: result: template
configure:7915: checking which variants of the JVM to build
configure:7934: result: server
configure:8009: checking which debug level to use
configure:8033: result: release
configure:8198: checking what configuration name to use
configure:8200: result: linux-x86_64-normal-server-release
configure:8367: checking for apt-get
configure:8397: result: no
configure:8367: checking for yum
configure:8383: found /usr/bin/yum
configure:8394: result: yum
configure:8732: checking for gmake
configure:8750: found /usr/bin/gmake
configure:8762: result: /usr/bin/gmake
configure:8777: Testing potential make at /usr/bin/gmake, found using gmake in PATH
configure:9045: Resolving FOUND_MAKE (as /usr/bin/gmake) failed, using /usr/bin/gmake directly.
configure:10158: Using GNU make 3.81 (or later) at /usr/bin/gmake (version: GNU Make 3.81)
configure:10164: checking if find supports -delete
configure:10180: result: yes
configure:10194: checking for unzip
configure:10212: found /usr/bin/unzip
configure:10224: result: /usr/bin/unzip
configure:10253: checking for zip
configure:10271: found /usr/bin/zip
configure:10283: result: /usr/bin/zip
configure:10312: checking for ldd
configure:10330: found /usr/bin/ldd
configure:10342: result: /usr/bin/ldd
configure:10360: checking for readelf
configure:10378: found /usr/bin/readelf
configure:10390: result: /usr/bin/readelf
configure:10403: checking for hg
configure:10421: found /usr/bin/hg
configure:10433: result: /usr/bin/hg
configure:10443: checking for stat
configure:10461: found /usr/bin/stat
configure:10473: result: /usr/bin/stat
configure:10483: checking for time
configure:10516: result: no
configure:10820: checking for pkg-config
configure:10838: found /usr/bin/pkg-config
configure:10850: result: /usr/bin/pkg-config
configure:10875: checking pkg-config is at least version 0.9.0
configure:10878: result: yes
configure:10993: checking for 7z
configure:11023: result: no
configure:10993: checking for unzip
configure:11009: found /usr/bin/unzip
configure:11020: result: unzip
configure:11039: checking for wget
configure:11055: found /usr/bin/wget
configure:11066: result: wget
configure:11093: checking headful support
configure:11117: result: include support for both headful and headless
configure:11985: Found potential Boot JDK using JAVA_HOME
configure:12149: checking for Boot JDK
configure:12151: result: /data/software/jdk1.8.0_60
configure:12153: checking Boot JDK version
configure:12156: result: java version "1.8.0_60" Java(TM) SE Runtime Environment (build 1.8.0_60-b27) Java HotSpot(TM) 64-Bit Server VM (build 25.60-b23, mixed mode) 
configure:15969: checking for java in Boot JDK
configure:15979: result: ok
configure:15983: checking for javac in Boot JDK
configure:15993: result: ok
configure:15997: checking for javah in Boot JDK
configure:16007: result: ok
configure:16011: checking for javap in Boot JDK
configure:16021: result: ok
configure:16025: checking for jar in Boot JDK
configure:16035: result: ok
configure:16039: checking for rmic in Boot JDK
configure:16049: result: ok
configure:16053: checking for native2ascii in Boot JDK
configure:16063: result: ok
configure:16086: checking flags for boot jdk java command 
Check if jvm arg is ok: -XX:-PrintVMOptions -XX:-UnlockDiagnosticVMOptions -XX:-LogVMOutput
Command: /data/software/jdk1.8.0_60/bin/java -XX:-PrintVMOptions -XX:-UnlockDiagnosticVMOptions -XX:-LogVMOutput -version
Arg failed:
Error: VM option 'LogVMOutput' is diagnostic and must be enabled via -XX:+UnlockDiagnosticVMOptions.
Error: Could not create the Java Virtual Machine.
Error: A fatal exception has occurred. Program will exit.
Check if jvm arg is ok: 
Command: /data/software/jdk1.8.0_60/bin/java  -version
configure:16123: result:  
configure:16131: checking flags for boot jdk java command for big workloads
Check if jvm arg is ok: -Xms64M
Command: /data/software/jdk1.8.0_60/bin/java -Xms64M -version
Check if jvm arg is ok: -Xmx1600M
Command: /data/software/jdk1.8.0_60/bin/java -Xmx1600M -version
Check if jvm arg is ok: -XX:ThreadStackSize=1536
Command: /data/software/jdk1.8.0_60/bin/java -XX:ThreadStackSize=1536 -version
Check if jvm arg is ok: -XX:PermSize=32m
Command: /data/software/jdk1.8.0_60/bin/java -XX:PermSize=32m -version
Arg failed:
Java HotSpot(TM) 64-Bit Server VM warning: ignoring option PermSize=32m; support was removed in 8.0
java version "1.8.0_60"
Java(TM) SE Runtime Environment (build 1.8.0_60-b27)
Java HotSpot(TM) 64-Bit Server VM (build 25.60-b23, mixed mode)
Check if jvm arg is ok: -XX:MaxPermSize=160m
Command: /data/software/jdk1.8.0_60/bin/java -XX:MaxPermSize=160m -version
Arg failed:
Java HotSpot(TM) 64-Bit Server VM warning: ignoring option MaxPermSize=160m; support was removed in 8.0
java version "1.8.0_60"
Java(TM) SE Runtime Environment (build 1.8.0_60-b27)
Java HotSpot(TM) 64-Bit Server VM (build 25.60-b23, mixed mode)
configure:16225: result:  -Xms64M -Xmx1600M -XX:ThreadStackSize=1536
configure:16232: checking flags for boot jdk java command for small workloads
Check if jvm arg is ok: -XX:+UseSerialGC
Command: /data/software/jdk1.8.0_60/bin/java -XX:+UseSerialGC -version
Check if jvm arg is ok: -Xms32M
Command: /data/software/jdk1.8.0_60/bin/java -Xms32M -version
Check if jvm arg is ok: -Xmx512M
Command: /data/software/jdk1.8.0_60/bin/java -Xmx512M -version
configure:16282: result:  -XX:+UseSerialGC -Xms32M -Xmx512M
configure:16650: checking for jtreg
configure:16652: result: no
configure:19456: checking for gcc
configure:19474: found /usr/bin/gcc
configure:19486: result: /usr/bin/gcc
configure:19769: Resolving CC (as /usr/bin/gcc) failed, using /usr/bin/gcc directly.
configure:19803: checking resolved symbolic links for CC
configure:19853: result: /usr/bin/gcc
configure:19856: checking if CC is disguised ccache
configure:20295: result: no, keeping CC
configure:20366: Using gcc (GCC) 4.4.7 20120313 (Red Hat-17) C compiler version 4.4.7-17) (located at /usr/bin/gcc)
configure:20483: checking for C compiler version
configure:20492: /usr/bin/gcc --version >&5
gcc (GCC) 4.4.7 20120313 (Red Hat 4.4.7-17)
Copyright (C) 2010 Free Software Foundation, Inc.
This is free software; see the source for copying conditions.  There is NO
warranty; not even for MERCHANTABILITY or FITNESS FOR A PARTICULAR PURPOSE.

configure:20503: $? = 0
configure:20492: /usr/bin/gcc -v >&5
Using built-in specs.
Target: x86_64-redhat-linux
Configured with: ../configure --prefix=/usr --mandir=/usr/share/man --infodir=/usr/share/info --with-bugurl=http://bugzilla.redhat.com/bugzilla --enable-bootstrap --enable-shared --enable-threads=posix --enable-checking=release --with-system-zlib --enable-__cxa_atexit --disable-libunwind-exceptions --enable-gnu-unique-object --enable-languages=c,c++,objc,obj-c++,java,fortran,ada --enable-java-awt=gtk --disable-dssi --with-java-home=/usr/lib/jvm/java-1.5.0-gcj-1.5.0.0/jre --enable-libgcj-multifile --enable-java-maintainer-mode --with-ecj-jar=/usr/share/java/eclipse-ecj.jar --disable-libjava-multilib --with-ppl --with-cloog --with-tune=generic --with-arch_32=i686 --build=x86_64-redhat-linux
Thread model: posix
gcc version 4.4.7 20120313 (Red Hat 4.4.7-17) (GCC) 
configure:20503: $? = 0
configure:20492: /usr/bin/gcc -V >&5
gcc: '-V' option must have argument
configure:20503: $? = 1
configure:20492: /usr/bin/gcc -qversion >&5
gcc: unrecognized option '-qversion'
gcc: no input files
configure:20503: $? = 1
configure:20523: checking whether the C compiler works
configure:20545: /usr/bin/gcc    conftest.c  >&5
configure:20549: $? = 0
configure:20597: result: yes
configure:20600: checking for C compiler default output file name
configure:20602: result: a.out
configure:20608: checking for suffix of executables
configure:20615: /usr/bin/gcc -o conftest    conftest.c  >&5
configure:20619: $? = 0
configure:20641: result: 
configure:20663: checking whether we are cross compiling
configure:20671: /usr/bin/gcc -o conftest    conftest.c  >&5
configure:20675: $? = 0
configure:20682: ./conftest
configure:20686: $? = 0
configure:20701: result: no
configure:20706: checking for suffix of object files
configure:20728: /usr/bin/gcc -c   conftest.c >&5
configure:20732: $? = 0
configure:20753: result: o
configure:20757: checking whether we are using the GNU C compiler
configure:20776: /usr/bin/gcc -c   conftest.c >&5
configure:20776: $? = 0
configure:20785: result: yes
configure:20794: checking whether /usr/bin/gcc accepts -g
configure:20814: /usr/bin/gcc -c -g  conftest.c >&5
configure:20814: $? = 0
configure:20855: result: yes
configure:20872: checking for /usr/bin/gcc option to accept ISO C89
configure:20935: /usr/bin/gcc  -c -g -O2  conftest.c >&5
configure:20935: $? = 0
configure:20948: result: none needed
configure:21057: checking for g++
configure:21075: found /usr/bin/g++
configure:21087: result: /usr/bin/g++
configure:21370: Resolving CXX (as /usr/bin/g++) failed, using /usr/bin/g++ directly.
configure:21404: checking resolved symbolic links for CXX
configure:21454: result: /usr/bin/g++
configure:21457: checking if CXX is disguised ccache
configure:21896: result: no, keeping CXX
configure:21967: Using g++ (GCC) 4.4.7 20120313 (Red Hat-17) C++ compiler version 4.4.7-17) (located at /usr/bin/g++)
configure:22084: checking for C++ compiler version
configure:22093: /usr/bin/g++ --version >&5
g++ (GCC) 4.4.7 20120313 (Red Hat 4.4.7-17)
Copyright (C) 2010 Free Software Foundation, Inc.
This is free software; see the source for copying conditions.  There is NO
warranty; not even for MERCHANTABILITY or FITNESS FOR A PARTICULAR PURPOSE.

configure:22104: $? = 0
configure:22093: /usr/bin/g++ -v >&5
Using built-in specs.
Target: x86_64-redhat-linux
Configured with: ../configure --prefix=/usr --mandir=/usr/share/man --infodir=/usr/share/info --with-bugurl=http://bugzilla.redhat.com/bugzilla --enable-bootstrap --enable-shared --enable-threads=posix --enable-checking=release --with-system-zlib --enable-__cxa_atexit --disable-libunwind-exceptions --enable-gnu-unique-object --enable-languages=c,c++,objc,obj-c++,java,fortran,ada --enable-java-awt=gtk --disable-dssi --with-java-home=/usr/lib/jvm/java-1.5.0-gcj-1.5.0.0/jre --enable-libgcj-multifile --enable-java-maintainer-mode --with-ecj-jar=/usr/share/java/eclipse-ecj.jar --disable-libjava-multilib --with-ppl --with-cloog --with-tune=generic --with-arch_32=i686 --build=x86_64-redhat-linux
Thread model: posix
gcc version 4.4.7 20120313 (Red Hat 4.4.7-17) (GCC) 
configure:22104: $? = 0
configure:22093: /usr/bin/g++ -V >&5
g++: '-V' option must have argument
configure:22104: $? = 1
configure:22093: /usr/bin/g++ -qversion >&5
g++: unrecognized option '-qversion'
g++: no input files
configure:22104: $? = 1
configure:22108: checking whether we are using the GNU C++ compiler
configure:22127: /usr/bin/g++ -c   conftest.cpp >&5
configure:22127: $? = 0
configure:22136: result: yes
configure:22145: checking whether /usr/bin/g++ accepts -g
configure:22165: /usr/bin/g++ -c -g  conftest.cpp >&5
configure:22165: $? = 0
configure:22206: result: yes
configure:22816: checking for ar
configure:22832: found /usr/bin/ar
configure:22843: result: ar
configure:23127: Rewriting AR to "/usr/bin/ar"
configure:24832: checking how to run the C preprocessor
configure:24863: /usr/bin/gcc -E  conftest.c
configure:24863: $? = 0
configure:24877: /usr/bin/gcc -E  conftest.c
conftest.c:9:28: error: ac_nonexistent.h: No such file or directory
configure:24877: $? = 1
configure: failed program was:
| /* confdefs.h */
| #define PACKAGE_NAME "OpenJDK"
| #define PACKAGE_TARNAME "openjdk"
| #define PACKAGE_VERSION "jdk8"
| #define PACKAGE_STRING "OpenJDK jdk8"
| #define PACKAGE_BUGREPORT "build-dev@openjdk.java.net"
| #define PACKAGE_URL "http://openjdk.java.net"
| /* end confdefs.h.  */
| #include <ac_nonexistent.h>
configure:24902: result: /usr/bin/gcc -E
configure:24922: /usr/bin/gcc -E  conftest.c
configure:24922: $? = 0
configure:24936: /usr/bin/gcc -E  conftest.c
conftest.c:9:28: error: ac_nonexistent.h: No such file or directory
configure:24936: $? = 1
configure: failed program was:
| /* confdefs.h */
| #define PACKAGE_NAME "OpenJDK"
| #define PACKAGE_TARNAME "openjdk"
| #define PACKAGE_VERSION "jdk8"
| #define PACKAGE_STRING "OpenJDK jdk8"
| #define PACKAGE_BUGREPORT "build-dev@openjdk.java.net"
| #define PACKAGE_URL "http://openjdk.java.net"
| /* end confdefs.h.  */
| #include <ac_nonexistent.h>
configure:25200: Resolving CPP (as /usr/bin/gcc) failed, using /usr/bin/gcc directly.
configure:25236: checking how to run the C++ preprocessor
configure:25263: /usr/bin/g++ -E  conftest.cpp
configure:25263: $? = 0
configure:25277: /usr/bin/g++ -E  conftest.cpp
conftest.cpp:9:28: error: ac_nonexistent.h: No such file or directory
configure:25277: $? = 1
configure: failed program was:
| /* confdefs.h */
| #define PACKAGE_NAME "OpenJDK"
| #define PACKAGE_TARNAME "openjdk"
| #define PACKAGE_VERSION "jdk8"
| #define PACKAGE_STRING "OpenJDK jdk8"
| #define PACKAGE_BUGREPORT "build-dev@openjdk.java.net"
| #define PACKAGE_URL "http://openjdk.java.net"
| /* end confdefs.h.  */
| #include <ac_nonexistent.h>
configure:25302: result: /usr/bin/g++ -E
configure:25322: /usr/bin/g++ -E  conftest.cpp
configure:25322: $? = 0
configure:25336: /usr/bin/g++ -E  conftest.cpp
conftest.cpp:9:28: error: ac_nonexistent.h: No such file or directory
configure:25336: $? = 1
configure: failed program was:
| /* confdefs.h */
| #define PACKAGE_NAME "OpenJDK"
| #define PACKAGE_TARNAME "openjdk"
| #define PACKAGE_VERSION "jdk8"
| #define PACKAGE_STRING "OpenJDK jdk8"
| #define PACKAGE_BUGREPORT "build-dev@openjdk.java.net"
| #define PACKAGE_URL "http://openjdk.java.net"
| /* end confdefs.h.  */
| #include <ac_nonexistent.h>
configure:25600: Resolving CXXCPP (as /usr/bin/g++) failed, using /usr/bin/g++ directly.
configure:27192: checking for otool
configure:27225: result: no
configure:27276: checking for nm
configure:27292: found /usr/bin/nm
configure:27303: result: nm
configure:27587: Rewriting NM to "/usr/bin/nm"
configure:27636: checking for strip
configure:27652: found /usr/bin/strip
configure:27663: result: strip
configure:27947: Rewriting STRIP to "/usr/bin/strip"
configure:28005: checking for gobjcopy
configure:28035: result: no
configure:28005: checking for objcopy
configure:28021: found /usr/bin/objcopy
configure:28032: result: objcopy
configure:28320: Rewriting OBJCOPY to "/usr/bin/objcopy"
configure:28376: checking for gobjdump
configure:28406: result: no
configure:28376: checking for objdump
configure:28392: found /usr/bin/objdump
configure:28403: result: objdump
configure:28691: Rewriting OBJDUMP to "/usr/bin/objdump"
configure:28708: checking for ANSI C header files
configure:28728: /usr/bin/g++ -c   conftest.cpp >&5
configure:28728: $? = 0
configure:28801: /usr/bin/g++ -o conftest    conftest.cpp  >&5
configure:28801: $? = 0
configure:28801: ./conftest
configure:28801: $? = 0
configure:28812: result: yes
configure:28825: checking for sys/types.h
configure:28825: /usr/bin/g++ -c   conftest.cpp >&5
configure:28825: $? = 0
configure:28825: result: yes
configure:28825: checking for sys/stat.h
configure:28825: /usr/bin/g++ -c   conftest.cpp >&5
configure:28825: $? = 0
configure:28825: result: yes
configure:28825: checking for stdlib.h
configure:28825: /usr/bin/g++ -c   conftest.cpp >&5
configure:28825: $? = 0
configure:28825: result: yes
configure:28825: checking for string.h
configure:28825: /usr/bin/g++ -c   conftest.cpp >&5
configure:28825: $? = 0
configure:28825: result: yes
configure:28825: checking for memory.h
configure:28825: /usr/bin/g++ -c   conftest.cpp >&5
configure:28825: $? = 0
configure:28825: result: yes
configure:28825: checking for strings.h
configure:28825: /usr/bin/g++ -c   conftest.cpp >&5
configure:28825: $? = 0
configure:28825: result: yes
configure:28825: checking for inttypes.h
configure:28825: /usr/bin/g++ -c   conftest.cpp >&5
configure:28825: $? = 0
configure:28825: result: yes
configure:28825: checking for stdint.h
configure:28825: /usr/bin/g++ -c   conftest.cpp >&5
configure:28825: $? = 0
configure:28825: result: yes
configure:28825: checking for unistd.h
configure:28825: /usr/bin/g++ -c   conftest.cpp >&5
configure:28825: $? = 0
configure:28825: result: yes
configure:28891: checking stdio.h usability
configure:28891: /usr/bin/g++ -c   conftest.cpp >&5
configure:28891: $? = 0
configure:28891: result: yes
configure:28891: checking stdio.h presence
configure:28891: /usr/bin/g++ -E  conftest.cpp
configure:28891: $? = 0
configure:28891: result: yes
configure:28891: checking for stdio.h
configure:28891: result: yes
configure:28919: checking size of int *
configure:28924: /usr/bin/g++ -o conftest    conftest.cpp  >&5
configure:28924: $? = 0
configure:28924: ./conftest
configure:28924: $? = 0
configure:28938: result: 8
configure:29031: checking for target address size
configure:29033: result: 64 bits
configure:29041: checking whether byte ordering is bigendian
configure:29056: /usr/bin/g++ -c   conftest.cpp >&5
conftest.cpp:22: error: expected unqualified-id before '!' token
configure:29056: $? = 1
configure: failed program was:
| /* confdefs.h */
| #define PACKAGE_NAME "OpenJDK"
| #define PACKAGE_TARNAME "openjdk"
| #define PACKAGE_VERSION "jdk8"
| #define PACKAGE_STRING "OpenJDK jdk8"
| #define PACKAGE_BUGREPORT "build-dev@openjdk.java.net"
| #define PACKAGE_URL "http://openjdk.java.net"
| #define STDC_HEADERS 1
| #define HAVE_SYS_TYPES_H 1
| #define HAVE_SYS_STAT_H 1
| #define HAVE_STDLIB_H 1
| #define HAVE_STRING_H 1
| #define HAVE_MEMORY_H 1
| #define HAVE_STRINGS_H 1
| #define HAVE_INTTYPES_H 1
| #define HAVE_STDINT_H 1
| #define HAVE_UNISTD_H 1
| #define HAVE_STDIO_H 1
| #define SIZEOF_INT_P 8
| /* end confdefs.h.  */
| #ifndef __APPLE_CC__
| 	       not a universal capable compiler
| 	     #endif
| 	     typedef int dummy;
| 
configure:29101: /usr/bin/g++ -c   conftest.cpp >&5
configure:29101: $? = 0
configure:29119: /usr/bin/g++ -c   conftest.cpp >&5
conftest.cpp: In function 'int main()':
conftest.cpp:28: error: 'big' was not declared in this scope
conftest.cpp:28: error: expected ';' before 'endian'
configure:29119: $? = 1
configure: failed program was:
| /* confdefs.h */
| #define PACKAGE_NAME "OpenJDK"
| #define PACKAGE_TARNAME "openjdk"
| #define PACKAGE_VERSION "jdk8"
| #define PACKAGE_STRING "OpenJDK jdk8"
| #define PACKAGE_BUGREPORT "build-dev@openjdk.java.net"
| #define PACKAGE_URL "http://openjdk.java.net"
| #define STDC_HEADERS 1
| #define HAVE_SYS_TYPES_H 1
| #define HAVE_SYS_STAT_H 1
| #define HAVE_STDLIB_H 1
| #define HAVE_STRING_H 1
| #define HAVE_MEMORY_H 1
| #define HAVE_STRINGS_H 1
| #define HAVE_INTTYPES_H 1
| #define HAVE_STDINT_H 1
| #define HAVE_UNISTD_H 1
| #define HAVE_STDIO_H 1
| #define SIZEOF_INT_P 8
| /* end confdefs.h.  */
| #include <sys/types.h>
| 		#include <sys/param.h>
| 
| int
| main ()
| {
| #if BYTE_ORDER != BIG_ENDIAN
| 		 not big endian
| 		#endif
| 
|   ;
|   return 0;
| }
configure:29247: result: no
configure:29906: checking if compiler supports "-m64"
configure:29922: /usr/bin/gcc -c  -m64  conftest.c >&5
configure:29922: $? = 0
configure:29948: /usr/bin/g++ -c  -m64  conftest.cpp >&5
configure:29948: $? = 0
configure:29962: result: yes
configure:29975: checking if compiler supports "-m64"
configure:29991: /usr/bin/gcc -c  -m64  conftest.c >&5
configure:29991: $? = 0
configure:30017: /usr/bin/g++ -c  -m64  conftest.cpp >&5
configure:30017: $? = 0
configure:30031: result: yes
configure:30045: checking for broken SuSE 'ld' which only understands anonymous version tags in executables
configure:30050: result: no
configure:30075: checking if we should generate debug symbols
configure:30100: result: true
configure:30106: checking if we should zip debug-info files
configure:30115: result: yes
configure:30203: checking what is not needed on Linux?
configure:30206: result: pulse
configure:30309: checking for X
configure:30417: /usr/bin/g++ -E  conftest.cpp
configure:30417: $? = 0
configure:30448: /usr/bin/g++ -o conftest    conftest.cpp -lX11  >&5
configure:30448: $? = 0
configure:30498: result: libraries , headers 
configure:30597: /usr/bin/g++ -o conftest    conftest.cpp   -lX11 >&5
configure:30597: $? = 0
configure:30695: checking for gethostbyname
configure:30695: /usr/bin/g++ -o conftest    conftest.cpp  >&5
configure:30695: $? = 0
configure:30695: result: yes
configure:30792: checking for connect
configure:30792: /usr/bin/g++ -o conftest    conftest.cpp  >&5
configure:30792: $? = 0
configure:30792: result: yes
configure:30841: checking for remove
configure:30841: /usr/bin/g++ -o conftest    conftest.cpp  >&5
configure:30841: $? = 0
configure:30841: result: yes
configure:30890: checking for shmat
configure:30890: /usr/bin/g++ -o conftest    conftest.cpp  >&5
configure:30890: $? = 0
configure:30890: result: yes
configure:30948: checking for IceConnectionNumber in -lICE
configure:30973: /usr/bin/g++ -o conftest    conftest.cpp -lICE   >&5
configure:30973: $? = 0
configure:30982: result: yes
configure:31063: checking for X11/extensions/shape.h
configure:31063: /usr/bin/gcc -c    conftest.c >&5
configure:31063: $? = 0
configure:31063: result: yes
configure:31063: checking for X11/extensions/Xrender.h
configure:31063: /usr/bin/gcc -c    conftest.c >&5
configure:31063: $? = 0
configure:31063: result: yes
configure:31063: checking for X11/extensions/XTest.h
configure:31063: /usr/bin/gcc -c    conftest.c >&5
configure:31063: $? = 0
configure:31063: result: yes
configure:31063: checking for X11/Intrinsic.h
configure:31063: /usr/bin/gcc -c    conftest.c >&5
configure:31063: $? = 0
configure:31063: result: yes
configure:31316: checking cups/cups.h usability
configure:31316: /usr/bin/g++ -c   conftest.cpp >&5
configure:31316: $? = 0
configure:31316: result: yes
configure:31316: checking cups/cups.h presence
configure:31316: /usr/bin/g++ -E  conftest.cpp
configure:31316: $? = 0
configure:31316: result: yes
configure:31316: checking for cups/cups.h
configure:31316: result: yes
configure:31316: checking cups/ppd.h usability
configure:31316: /usr/bin/g++ -c   conftest.cpp >&5
configure:31316: $? = 0
configure:31316: result: yes
configure:31316: checking cups/ppd.h presence
configure:31316: /usr/bin/g++ -E  conftest.cpp
configure:31316: $? = 0
configure:31316: result: yes
configure:31316: checking for cups/ppd.h
configure:31316: result: yes
configure:31942: checking for FREETYPE
configure:31949: $PKG_CONFIG --exists --print-errors "freetype2"
configure:31952: $? = 0
configure:31965: $PKG_CONFIG --exists --print-errors "freetype2"
configure:31968: $? = 0
configure:32003: result: yes
configure:32020: checking for freetype
configure:32022: result: yes (using pkg-config)
configure:34406: checking if we can compile and link with freetype
configure:34431:  /usr/bin/g++ -o conftest  -I/usr/include/freetype2     conftest.cpp  -lfreetype >&5
configure:34431: $? = 0
configure:34433: result: yes
configure:34492: checking if we should bundle freetype
configure:34497: result: no
configure:34708: checking for ALSA
configure:34715: $PKG_CONFIG --exists --print-errors "alsa"
configure:34718: $? = 0
configure:34731: $PKG_CONFIG --exists --print-errors "alsa"
configure:34734: $? = 0
configure:34769: result: yes
configure:34841: checking for main in -ljpeg
configure:34860: /usr/bin/g++ -o conftest  -I/usr/include/freetype2     conftest.cpp -ljpeg   >&5
/usr/bin/ld: cannot find -ljpeg
collect2: ld returned 1 exit status
configure:34860: $? = 1
configure: failed program was:
| /* confdefs.h */
| #define PACKAGE_NAME "OpenJDK"
| #define PACKAGE_TARNAME "openjdk"
| #define PACKAGE_VERSION "jdk8"
| #define PACKAGE_STRING "OpenJDK jdk8"
| #define PACKAGE_BUGREPORT "build-dev@openjdk.java.net"
| #define PACKAGE_URL "http://openjdk.java.net"
| #define STDC_HEADERS 1
| #define HAVE_SYS_TYPES_H 1
| #define HAVE_SYS_STAT_H 1
| #define HAVE_STDLIB_H 1
| #define HAVE_STRING_H 1
| #define HAVE_MEMORY_H 1
| #define HAVE_STRINGS_H 1
| #define HAVE_INTTYPES_H 1
| #define HAVE_STDINT_H 1
| #define HAVE_UNISTD_H 1
| #define HAVE_STDIO_H 1
| #define SIZEOF_INT_P 8
| #define HAVE_X11_EXTENSIONS_SHAPE_H 1
| #define HAVE_X11_EXTENSIONS_XRENDER_H 1
| #define HAVE_X11_EXTENSIONS_XTEST_H 1
| #define HAVE_X11_INTRINSIC_H 1
| #define HAVE_CUPS_CUPS_H 1
| #define HAVE_CUPS_PPD_H 1
| /* end confdefs.h.  */
| 
| 
| int
| main ()
| {
| return main ();
|   ;
|   return 0;
| }
configure:34869: result: no
configure:34880: Will use jpeg decoder bundled with the OpenJDK source
configure:34900: checking for which giflib to use
configure:34913: result: bundled
configure:34993: checking for compress in -lz
configure:35018: /usr/bin/g++ -o conftest  -I/usr/include/freetype2     conftest.cpp -lz   >&5
configure:35018: $? = 0
configure:35027: result: yes
configure:35036: checking for which zlib to use
configure:35063: result: bundled
configure:35102: /usr/bin/g++ -o conftest  -I/usr/include/freetype2     conftest.cpp  >&5
conftest.cpp: In function 'int main()':
conftest.cpp:31: error: 'altzone' was not declared in this scope
configure:35102: $? = 1
configure: failed program was:
| /* confdefs.h */
| #define PACKAGE_NAME "OpenJDK"
| #define PACKAGE_TARNAME "openjdk"
| #define PACKAGE_VERSION "jdk8"
| #define PACKAGE_STRING "OpenJDK jdk8"
| #define PACKAGE_BUGREPORT "build-dev@openjdk.java.net"
| #define PACKAGE_URL "http://openjdk.java.net"
| #define STDC_HEADERS 1
| #define HAVE_SYS_TYPES_H 1
| #define HAVE_SYS_STAT_H 1
| #define HAVE_STDLIB_H 1
| #define HAVE_STRING_H 1
| #define HAVE_MEMORY_H 1
| #define HAVE_STRINGS_H 1
| #define HAVE_INTTYPES_H 1
| #define HAVE_STDINT_H 1
| #define HAVE_UNISTD_H 1
| #define HAVE_STDIO_H 1
| #define SIZEOF_INT_P 8
| #define HAVE_X11_EXTENSIONS_SHAPE_H 1
| #define HAVE_X11_EXTENSIONS_XRENDER_H 1
| #define HAVE_X11_EXTENSIONS_XTEST_H 1
| #define HAVE_X11_INTRINSIC_H 1
| #define HAVE_CUPS_CUPS_H 1
| #define HAVE_CUPS_PPD_H 1
| /* end confdefs.h.  */
| #include <time.h>
| int
| main ()
| {
| return (int)altzone;
|   ;
|   return 0;
| }
configure:35120: checking for cos in -lm
configure:35145: /usr/bin/g++ -o conftest  -I/usr/include/freetype2     conftest.cpp -lm   >&5
configure:35145: $? = 0
configure:35154: result: yes
configure:35179: checking for dlopen in -ldl
configure:35204: /usr/bin/g++ -o conftest  -I/usr/include/freetype2     conftest.cpp -ldl   >&5
configure:35204: $? = 0
configure:35213: result: yes
configure:35251: checking if dynamic link of stdc++ is possible
configure:35272: /usr/bin/g++ -o conftest  -I/usr/include/freetype2   -lstdc++   conftest.cpp -lm  >&5
configure:35272: $? = 0
configure:35286: result: yes
configure:35290: checking if static link of stdc++ is possible
configure:35314: /usr/bin/gcc -o conftest  -I/usr/include/freetype2     conftest.cpp -Wl,-Bstatic -lstdc++ -lgcc -Wl,-Bdynamic >&5
configure:35314: $? = 0
configure:35329: result: yes
configure:35344: checking how to link with libstdc++
configure:35358: result: static
configure:35570: checking if elliptic curve crypto implementation is present
configure:35575: result: yes
configure:35604: checking for number of cores
configure:35631: result: 4
configure:35656: checking for memory size
configure:35684: result: 7814 MB
configure:35709: checking for appropriate number of jobs to run in parallel
configure:35730: result: 4
Check if jvm arg is ok: -verbosegc
Command: /data/software/jdk1.8.0_60/bin/java -verbosegc -version
Check if jvm arg is ok: -Xverbose:gc
Command: /data/software/jdk1.8.0_60/bin/java -Xverbose:gc -version
Arg failed:
Unrecognized option: -Xverbose:gc
Error: Could not create the Java Virtual Machine.
Error: A fatal exception has occurred. Program will exit.
Check if jvm arg is ok: -d64
Command: /data/software/jdk1.8.0_60/bin/java  -verbosegc -d64 -version
Check if jvm arg is ok: -Xms1G -Xmx3G
Command: /data/software/jdk1.8.0_60/bin/java  -verbosegc -d64 -Xms1G -Xmx3G -version
configure:35935: checking whether to use sjavac
configure:35944: result: no
configure:35979: checking that precompiled headers work
configure:35988: result: yes
configure:36014: checking for ccache
configure:36032: found /usr/local/bin/ccache
configure:36044: result: /usr/local/bin/ccache
configure:36081: checking if ccache supports precompiled headers
configure:36085: result: no, disabling ccache
configure:36154: checking if build directory is on local disk
configure:36180: result: yes
configure:36327: creating /data/software/jdk8/build/linux-x86_64-normal-server-release/config.status

## ---------------------- ##
## Running config.status. ##
## ---------------------- ##

This file was extended by OpenJDK config.status jdk8, which was
generated by GNU Autoconf 2.69.  Invocation command line was

  CONFIG_FILES    = 
  CONFIG_HEADERS  = 
  CONFIG_LINKS    = 
  CONFIG_COMMANDS = 
  $ /data/software/jdk8/build/linux-x86_64-normal-server-release/config.status 

on bogon

config.status:1162: creating /data/software/jdk8/build/linux-x86_64-normal-server-release/spec.gmk
config.status:1162: creating /data/software/jdk8/build/linux-x86_64-normal-server-release/hotspot-spec.gmk
config.status:1162: creating /data/software/jdk8/build/linux-x86_64-normal-server-release/bootcycle-spec.gmk
config.status:1162: creating /data/software/jdk8/build/linux-x86_64-normal-server-release/compare.sh
config.status:1162: creating /data/software/jdk8/build/linux-x86_64-normal-server-release/spec.sh
config.status:1162: creating /data/software/jdk8/build/linux-x86_64-normal-server-release/Makefile
config.status:1162: creating /data/software/jdk8/build/linux-x86_64-normal-server-release/config.h

## ---------------- ##
## Cache variables. ##
## ---------------- ##

ac_cv_build=x86_64-unknown-linux-gnu
ac_cv_c_bigendian=no
ac_cv_c_compiler_gnu=yes
ac_cv_cxx_compiler_gnu=yes
ac_cv_env_ALSA_CFLAGS_set=
ac_cv_env_ALSA_CFLAGS_value=
ac_cv_env_ALSA_LIBS_set=
ac_cv_env_ALSA_LIBS_value=
ac_cv_env_CCC_set=
ac_cv_env_CCC_value=
ac_cv_env_CC_set=
ac_cv_env_CC_value=
ac_cv_env_CFLAGS_set=
ac_cv_env_CFLAGS_value=
ac_cv_env_CPPFLAGS_set=
ac_cv_env_CPPFLAGS_value=
ac_cv_env_CPP_set=
ac_cv_env_CPP_value=
ac_cv_env_CXXCPP_set=
ac_cv_env_CXXCPP_value=
ac_cv_env_CXXFLAGS_set=
ac_cv_env_CXXFLAGS_value=
ac_cv_env_CXX_set=
ac_cv_env_CXX_value=
ac_cv_env_FREETYPE_CFLAGS_set=
ac_cv_env_FREETYPE_CFLAGS_value=
ac_cv_env_FREETYPE_LIBS_set=
ac_cv_env_FREETYPE_LIBS_value=
ac_cv_env_LDFLAGS_set=
ac_cv_env_LDFLAGS_value=
ac_cv_env_LIBFFI_CFLAGS_set=
ac_cv_env_LIBFFI_CFLAGS_value=
ac_cv_env_LIBFFI_LIBS_set=
ac_cv_env_LIBFFI_LIBS_value=
ac_cv_env_LIBS_set=
ac_cv_env_LIBS_value=
ac_cv_env_OBJCFLAGS_set=
ac_cv_env_OBJCFLAGS_value=
ac_cv_env_OBJC_set=
ac_cv_env_OBJC_value=
ac_cv_env_PKG_CONFIG_set=
ac_cv_env_PKG_CONFIG_value=
ac_cv_env_XMKMF_set=
ac_cv_env_XMKMF_value=
ac_cv_env_build_alias_set=
ac_cv_env_build_alias_value=
ac_cv_env_host_alias_set=
ac_cv_env_host_alias_value=
ac_cv_env_target_alias_set=
ac_cv_env_target_alias_value=
ac_cv_func_connect=yes
ac_cv_func_gethostbyname=yes
ac_cv_func_remove=yes
ac_cv_func_shmat=yes
ac_cv_have_x='have_x=yes	ac_x_includes='\'''\''	ac_x_libraries='\'''\'''
ac_cv_header_X11_Intrinsic_h=yes
ac_cv_header_X11_extensions_XTest_h=yes
ac_cv_header_X11_extensions_Xrender_h=yes
ac_cv_header_X11_extensions_shape_h=yes
ac_cv_header_cups_cups_h=yes
ac_cv_header_cups_ppd_h=yes
ac_cv_header_inttypes_h=yes
ac_cv_header_memory_h=yes
ac_cv_header_stdc=yes
ac_cv_header_stdint_h=yes
ac_cv_header_stdio_h=yes
ac_cv_header_stdlib_h=yes
ac_cv_header_string_h=yes
ac_cv_header_strings_h=yes
ac_cv_header_sys_stat_h=yes
ac_cv_header_sys_types_h=yes
ac_cv_header_unistd_h=yes
ac_cv_host=x86_64-unknown-linux-gnu
ac_cv_lib_ICE_IceConnectionNumber=yes
ac_cv_lib_dl_dlopen=yes
ac_cv_lib_jpeg_main=no
ac_cv_lib_m_cos=yes
ac_cv_lib_z_compress=yes
ac_cv_objext=o
ac_cv_path_BASENAME=/bin/basename
ac_cv_path_BASH=/bin/bash
ac_cv_path_CAT=/bin/cat
ac_cv_path_CCACHE=/usr/local/bin/ccache
ac_cv_path_CHECK_GMAKE=/usr/bin/gmake
ac_cv_path_CHMOD=/bin/chmod
ac_cv_path_CMP=/usr/bin/cmp
ac_cv_path_COMM=/usr/bin/comm
ac_cv_path_CP=/bin/cp
ac_cv_path_CPIO=/bin/cpio
ac_cv_path_CUT=/bin/cut
ac_cv_path_DATE=/bin/date
ac_cv_path_DF=/bin/df
ac_cv_path_DIFF=/usr/bin/diff
ac_cv_path_DIRNAME=/usr/bin/dirname
ac_cv_path_ECHO=/bin/echo
ac_cv_path_EGREP='/bin/grep -E'
ac_cv_path_EXPR=/usr/bin/expr
ac_cv_path_FGREP='/bin/grep -F'
ac_cv_path_FILE=/usr/bin/file
ac_cv_path_FIND=/bin/find
ac_cv_path_GREP=/bin/grep
ac_cv_path_HEAD=/usr/bin/head
ac_cv_path_HG=/usr/bin/hg
ac_cv_path_LDD=/usr/bin/ldd
ac_cv_path_LN=/bin/ln
ac_cv_path_LS=/bin/ls
ac_cv_path_MKDIR=/bin/mkdir
ac_cv_path_MKTEMP=/bin/mktemp
ac_cv_path_MV=/bin/mv
ac_cv_path_NAWK=/bin/gawk
ac_cv_path_POTENTIAL_CC=/usr/bin/gcc
ac_cv_path_POTENTIAL_CXX=/usr/bin/g++
ac_cv_path_PRINTF=/usr/bin/printf
ac_cv_path_READELF=/usr/bin/readelf
ac_cv_path_READLINK=/bin/readlink
ac_cv_path_RM=/bin/rm
ac_cv_path_SED=/bin/sed
ac_cv_path_SH=/bin/sh
ac_cv_path_SORT=/bin/sort
ac_cv_path_STAT=/usr/bin/stat
ac_cv_path_TAIL=/usr/bin/tail
ac_cv_path_TAR=/bin/tar
ac_cv_path_TEE=/usr/bin/tee
ac_cv_path_TOUCH=/bin/touch
ac_cv_path_TR=/usr/bin/tr
ac_cv_path_UNAME=/bin/uname
ac_cv_path_UNIQ=/usr/bin/uniq
ac_cv_path_UNZIP=/usr/bin/unzip
ac_cv_path_WC=/usr/bin/wc
ac_cv_path_WHICH=/usr/bin/which
ac_cv_path_XARGS=/usr/bin/xargs
ac_cv_path_ZIP=/usr/bin/zip
ac_cv_path_ac_pt_PKG_CONFIG=/usr/bin/pkg-config
ac_cv_prog_AWK=gawk
ac_cv_prog_BDEPS_FTP=wget
ac_cv_prog_BDEPS_UNZIP=unzip
ac_cv_prog_CPP='/usr/bin/gcc -E'
ac_cv_prog_CXXCPP='/usr/bin/g++ -E'
ac_cv_prog_PKGHANDLER=yum
ac_cv_prog_ac_ct_AR=ar
ac_cv_prog_ac_ct_NM=nm
ac_cv_prog_ac_ct_OBJCOPY=objcopy
ac_cv_prog_ac_ct_OBJDUMP=objdump
ac_cv_prog_ac_ct_STRIP=strip
ac_cv_prog_cc_c89=
ac_cv_prog_cc_g=yes
ac_cv_prog_cxx_g=yes
ac_cv_sizeof_int_p=8
ac_cv_target=x86_64-unknown-linux-gnu
pkg_cv_ALSA_CFLAGS='-I/usr/include/alsa  '
pkg_cv_ALSA_LIBS='-lasound  '
pkg_cv_FREETYPE_CFLAGS='-I/usr/include/freetype2  '
pkg_cv_FREETYPE_LIBS='-lfreetype  '

## ----------------- ##
## Output variables. ##
## ----------------- ##

ADD_SRC_ROOT=''
ALSA_CFLAGS='-I/usr/include/alsa  '
ALSA_LIBS='-lasound  '
AR='/usr/bin/ar'
ARFLAGS=''
AR_OUT_OPTION='rcs$(SPACE)'
AS='/usr/bin/gcc -c'
AWK='gawk'
BASENAME='/bin/basename'
BASH='/bin/bash'
BDEPS_FTP='wget'
BDEPS_UNZIP='unzip'
BOOT_JDK='/data/software/jdk1.8.0_60'
BOOT_JDK_SOURCETARGET='-source 7 -target 7'
BOOT_RTJAR='/data/software/jdk1.8.0_60/jre/lib/rt.jar'
BOOT_TOOLSJAR='/data/software/jdk1.8.0_60/lib/tools.jar'
BUILD_CC='/usr/bin/gcc'
BUILD_CXX='/usr/bin/g++'
BUILD_HEADLESS='BUILD_HEADLESS:=true'
BUILD_HOTSPOT='true'
BUILD_LD='/usr/bin/gcc'
BUILD_LOG='$(OUTPUT_ROOT)/build.log'
BUILD_LOG_PREVIOUS='$(OUTPUT_ROOT)/build.log.old'
BUILD_LOG_WRAPPER='$(BASH) $(SRC_ROOT)/common/bin/logger.sh $(BUILD_LOG)'
BUILD_OUTPUT='/data/software/jdk8/build/linux-x86_64-normal-server-release'
BUILD_VARIANT_RELEASE=''
CACERTS_FILE='/data/software/jdk8/jdk/src/share/lib/security/cacerts'
CAT='/bin/cat'
CC='/usr/bin/gcc'
CCACHE=''
CC_OUT_OPTION='-o$(SPACE)'
CFLAGS=''
CFLAGS_DEBUG_SYMBOLS='-g'
CFLAGS_JDKEXE='  -W -Wall -Wno-unused -Wno-parentheses       -pipe       -D_GNU_SOURCE -D_REENTRANT -D_LARGEFILE64_SOURCE -fno-omit-frame-pointer -D_LP64=1 -D_LITTLE_ENDIAN -DLINUX -DNDEBUG -DARCH='\''"amd64"'\'' -Damd64 -DRELEASE='\''"$(RELEASE)"'\''       -I/data/software/jdk8/build/linux-x86_64-normal-server-release/jdk/include       -I/data/software/jdk8/build/linux-x86_64-normal-server-release/jdk/include/linux       -I/data/software/jdk8/jdk/src/share/javavm/export       -I/data/software/jdk8/jdk/src/solaris/javavm/export       -I/data/software/jdk8/jdk/src/share/native/common       -I/data/software/jdk8/jdk/src/solaris/native/common   -fno-strict-aliasing'
CFLAGS_JDKLIB='  -W -Wall -Wno-unused -Wno-parentheses       -pipe       -D_GNU_SOURCE -D_REENTRANT -D_LARGEFILE64_SOURCE -fno-omit-frame-pointer -D_LP64=1 -D_LITTLE_ENDIAN -DLINUX -DNDEBUG -DARCH='\''"amd64"'\'' -Damd64 -DRELEASE='\''"$(RELEASE)"'\''       -I/data/software/jdk8/build/linux-x86_64-normal-server-release/jdk/include       -I/data/software/jdk8/build/linux-x86_64-normal-server-release/jdk/include/linux       -I/data/software/jdk8/jdk/src/share/javavm/export       -I/data/software/jdk8/jdk/src/solaris/javavm/export       -I/data/software/jdk8/jdk/src/share/native/common       -I/data/software/jdk8/jdk/src/solaris/native/common   -fno-strict-aliasing -fPIC '
CHECK_GMAKE='/usr/bin/gmake'
CHECK_MAKE=''
CHECK_TOOLSDIR_GMAKE=''
CHECK_TOOLSDIR_MAKE=''
CHMOD='/bin/chmod'
CMP='/usr/bin/cmp'
CODESIGN=''
COMM='/usr/bin/comm'
COMPANY_NAME='N/A'
COMPILER_NAME='gcc'
COMPILER_SUPPORTS_TARGET_BITS_FLAG='true'
COMPILER_TARGET_BITS_FLAG='-m'
COMPILER_TYPE='CC'
COMPILE_TYPE='native'
COMPRESS_JARS='false'
CONFIGURE_COMMAND_LINE=''
CONF_NAME='linux-x86_64-normal-server-release'
COOKED_BUILD_NUMBER='0'
COOKED_JDK_UPDATE_VERSION='0'
COPYRIGHT_YEAR='2016'
CORBA_TOPDIR='/data/software/jdk8/corba'
CP='/bin/cp'
CPIO='/bin/cpio'
CPP='/usr/bin/gcc -E'
CPPFLAGS=''
CUPS_CFLAGS=''
CUSTOM_MAKE_DIR=''
CUT='/bin/cut'
CXX='/usr/bin/g++'
CXXCPP='/usr/bin/g++ -E'
CXXFLAGS=' -I/usr/include/freetype2  '
CXXFLAGS_DEBUG_SYMBOLS='-g'
CXXFLAGS_JDKEXE='  -W -Wall -Wno-unused -Wno-parentheses       -pipe       -D_GNU_SOURCE -D_REENTRANT -D_LARGEFILE64_SOURCE -fno-omit-frame-pointer -D_LP64=1 -D_LITTLE_ENDIAN -DLINUX -DNDEBUG -DARCH='\''"amd64"'\'' -Damd64 -DRELEASE='\''"$(RELEASE)"'\''       -I/data/software/jdk8/build/linux-x86_64-normal-server-release/jdk/include       -I/data/software/jdk8/build/linux-x86_64-normal-server-release/jdk/include/linux       -I/data/software/jdk8/jdk/src/share/javavm/export       -I/data/software/jdk8/jdk/src/solaris/javavm/export       -I/data/software/jdk8/jdk/src/share/native/common       -I/data/software/jdk8/jdk/src/solaris/native/common  '
CXXFLAGS_JDKLIB='  -W -Wall -Wno-unused -Wno-parentheses       -pipe       -D_GNU_SOURCE -D_REENTRANT -D_LARGEFILE64_SOURCE -fno-omit-frame-pointer -D_LP64=1 -D_LITTLE_ENDIAN -DLINUX -DNDEBUG -DARCH='\''"amd64"'\'' -Damd64 -DRELEASE='\''"$(RELEASE)"'\''       -I/data/software/jdk8/build/linux-x86_64-normal-server-release/jdk/include       -I/data/software/jdk8/build/linux-x86_64-normal-server-release/jdk/include/linux       -I/data/software/jdk8/jdk/src/share/javavm/export       -I/data/software/jdk8/jdk/src/solaris/javavm/export       -I/data/software/jdk8/jdk/src/share/native/common       -I/data/software/jdk8/jdk/src/solaris/native/common   -fPIC  '
CXX_FLAG_DEPS='-MMD -MF'
CXX_FLAG_REORDER=''
CXX_O_FLAG_HI='-O3'
CXX_O_FLAG_HIGHEST='-O3'
CXX_O_FLAG_NONE='-O0'
CXX_O_FLAG_NORM='-O2'
CYGPATH=''
CYGWIN_LINK=''
C_FLAG_DEPS='-MMD -MF'
C_FLAG_REORDER=''
C_O_FLAG_HI='-O3'
C_O_FLAG_HIGHEST='-O3'
C_O_FLAG_NONE='-O0'
C_O_FLAG_NORM='-O2'
DATE='/bin/date'
DATE_WHEN_CONFIGURED='Sun Sep  4 08:23:02 CST 2016'
DEBUG_CLASSFILES='false'
DEBUG_LEVEL='release'
DEFINE_CROSS_COMPILE_ARCH=''
DEFS='-DHAVE_CONFIG_H'
DF='/bin/df'
DIFF='/usr/bin/diff'
DIRNAME='/usr/bin/dirname'
DSYMUTIL=''
DUMPBIN=''
ECHO='/bin/echo'
ECHO_C=''
ECHO_N='-n'
ECHO_T=''
EGREP='/bin/grep -E'
ENABLE_DEBUG_SYMBOLS='true'
ENABLE_INTREE_EC='yes'
ENABLE_SJAVAC='no'
EXEEXT=''
EXE_OUT_OPTION='-o$(SPACE)'
EXE_SUFFIX=''
EXPR='/usr/bin/expr'
FASTDEBUG='false'
FGREP='/bin/grep -F'
FILE='/usr/bin/file'
FIND='/bin/find'
FIND_DELETE='-delete'
FIXPATH=''
FREETYPE_BUNDLE_LIB_PATH=''
FREETYPE_CFLAGS='-I/usr/include/freetype2  '
FREETYPE_LIBS='-lfreetype'
GNM='/usr/bin/nm'
GREP='/bin/grep'
HEAD='/usr/bin/head'
HG='/usr/bin/hg'
HOTSPOT_CXX='/usr/bin/g++'
HOTSPOT_DIST='/data/software/jdk8/build/linux-x86_64-normal-server-release/hotspot/dist'
HOTSPOT_LD='/usr/bin/gcc'
HOTSPOT_MAKE_ARGS='product  docs export_product'
HOTSPOT_MT=''
HOTSPOT_RC=''
HOTSPOT_TOPDIR='/data/software/jdk8/hotspot'
INCLUDE_SA='true'
IS_GNU_TIME='no'
JAVAC_CHECK=''
JAVAC_FLAGS=''
JAVA_CHECK=''
JAVA_FLAGS=' '
JAVA_FLAGS_BIG=' -Xms64M -Xmx1600M -XX:ThreadStackSize=1536'
JAVA_FLAGS_SMALL=' -XX:+UseSerialGC -Xms32M -Xmx512M'
JAXP_TOPDIR='/data/software/jdk8/jaxp'
JAXWS_TOPDIR='/data/software/jdk8/jaxws'
JDK_BUILD_NUMBER='b00'
JDK_MAJOR_VERSION='1'
JDK_MICRO_VERSION='0'
JDK_MINOR_VERSION='8'
JDK_RC_PLATFORM_NAME='Platform'
JDK_TOPDIR='/data/software/jdk8/jdk'
JDK_UPDATE_VERSION=''
JDK_VARIANT='normal'
JDK_VERSION='1.8.0'
JOBS='4'
JTREGEXE=''
JT_HOME=''
JVM_INTERPRETER='template'
JVM_VARIANTS=',server,'
JVM_VARIANT_CLIENT='false'
JVM_VARIANT_CORE='false'
JVM_VARIANT_KERNEL='false'
JVM_VARIANT_MINIMAL1='false'
JVM_VARIANT_SERVER='true'
JVM_VARIANT_ZERO='false'
JVM_VARIANT_ZEROSHARK='false'
LANGTOOLS_TOPDIR='/data/software/jdk8/langtools'
LAUNCHER_NAME='openjdk'
LD='/usr/bin/gcc'
LDCXX='/usr/bin/gcc'
LDD='/usr/bin/ldd'
LDEXE='/usr/bin/gcc'
LDEXECXX='/usr/bin/g++'
LDFLAGS=''
LDFLAGS_CXX_JDK=''
LDFLAGS_JDKEXE='  -Xlinker --hash-style=both  -Xlinker -z -Xlinker defs -Xlinker -O1 -Xlinker --allow-shlib-undefined'
LDFLAGS_JDKEXE_SUFFIX=''
LDFLAGS_JDKLIB='  -Xlinker --hash-style=both  -Xlinker -z -Xlinker defs -Xlinker -O1 -shared         -L/data/software/jdk8/build/linux-x86_64-normal-server-release/jdk/lib/amd64 -L/data/software/jdk8/build/linux-x86_64-normal-server-release/jdk/lib/amd64/server'
LDFLAGS_JDKLIB_SUFFIX='-ljava -ljvm'
LD_OUT_OPTION='-o$(SPACE)'
LEGACY_EXTRA_CFLAGS=''
LEGACY_EXTRA_CXXFLAGS=''
LEGACY_EXTRA_LDFLAGS=''
LIBCXX=' -Wl,-Bstatic -lstdc++ -lgcc -Wl,-Bdynamic'
LIBDL='-ldl '
LIBFFI_CFLAGS=''
LIBFFI_LIBS=''
LIBM=''
LIBOBJS=''
LIBRARY_PREFIX='lib'
LIBS='-lm '
LIBZIP_CAN_USE_MMAP='true'
LLVM_CFLAGS=''
LLVM_CONFIG=''
LLVM_LDFLAGS=''
LLVM_LIBS=''
LN='/bin/ln'
LP64='LP64:='
LS='/bin/ls'
LTLIBOBJS=''
MACOSX_BUNDLE_ID_BASE='net.java.openjdk'
MACOSX_BUNDLE_NAME_BASE='OpenJDK'
MACOSX_UNIVERSAL=''
MACOSX_VERSION_MIN=''
MAKE='/usr/bin/gmake'
MCS=''
MEMORY_SIZE='7814'
MILESTONE='internal'
MKDIR='/bin/mkdir'
MKTEMP='/bin/mktemp'
MSVCR_DLL=''
MT=''
MV='/bin/mv'
NASHORN_TOPDIR='/data/software/jdk8/nashorn'
NAWK='/bin/gawk'
NM='/usr/bin/nm'
NUM_CORES='4'
OBJC=''
OBJCFLAGS=''
OBJCOPY='/usr/bin/objcopy'
OBJDUMP='/usr/bin/objdump'
OBJEXT='o'
OBJ_SUFFIX='.o'
OPENJDK_BUILD_AUTOCONF_NAME='x86_64-unknown-linux-gnu'
OPENJDK_BUILD_CPU='x86_64'
OPENJDK_BUILD_CPU_ARCH='x86'
OPENJDK_BUILD_CPU_BITS='64'
OPENJDK_BUILD_CPU_ENDIAN='little'
OPENJDK_BUILD_OS='linux'
OPENJDK_BUILD_OS_API='posix'
OPENJDK_TARGET_AUTOCONF_NAME='x86_64-unknown-linux-gnu'
OPENJDK_TARGET_CPU='x86_64'
OPENJDK_TARGET_CPU_ARCH='x86'
OPENJDK_TARGET_CPU_BITS='64'
OPENJDK_TARGET_CPU_ENDIAN='little'
OPENJDK_TARGET_CPU_ISADIR=''
OPENJDK_TARGET_CPU_JLI_CFLAGS='-DLIBARCHNAME='\''"amd64"'\'''
OPENJDK_TARGET_CPU_LEGACY='amd64'
OPENJDK_TARGET_CPU_LEGACY_LIB='amd64'
OPENJDK_TARGET_CPU_LIBDIR='/amd64'
OPENJDK_TARGET_CPU_OSARCH='amd64'
OPENJDK_TARGET_OS='linux'
OPENJDK_TARGET_OS_API='posix'
OPENJDK_TARGET_OS_API_DIR='solaris'
OPENJDK_TARGET_OS_EXPORT_DIR='solaris'
OPENWIN_HOME=''
OS_VERSION_MAJOR='2'
OS_VERSION_MICRO='32'
OS_VERSION_MINOR='6'
OTOOL='true'
OUTPUT_ROOT='/data/software/jdk8/build/linux-x86_64-normal-server-release'
OVERRIDE_SRC_ROOT=''
PACKAGE_BUGREPORT='build-dev@openjdk.java.net'
PACKAGE_NAME='OpenJDK'
PACKAGE_PATH='/opt/local'
PACKAGE_STRING='OpenJDK jdk8'
PACKAGE_TARNAME='openjdk'
PACKAGE_URL='http://openjdk.java.net'
PACKAGE_VERSION='jdk8'
PATH_SEP=':'
PATH_SEPARATOR=':'
PKGHANDLER='yum'
PKG_CONFIG='/usr/bin/pkg-config'
POST_MCS_CMD=''
POST_STRIP_CMD='/usr/bin/strip -g'
POTENTIAL_CC='/usr/bin/gcc'
POTENTIAL_CXX='/usr/bin/g++'
PRINTF='/usr/bin/printf'
PRODUCT_NAME='OpenJDK'
PRODUCT_SUFFIX='Runtime Environment'
PROPER_COMPILER_CC=''
PROPER_COMPILER_CXX=''
RC=''
RC_FLAGS=''
READELF='/usr/bin/readelf'
READLINK='/bin/readlink'
REQUIRED_OS_NAME='Linux'
REQUIRED_OS_VERSION='2.6'
RM='/bin/rm -f'
SALIB_NAME='libsaproc.so'
SDKPATH=''
SED='/bin/sed'
SETFILE=''
SET_DEVELOPER_DIR=''
SET_EXECUTABLE_ORIGIN='-Xlinker -rpath -Xlinker \$$$$ORIGIN$1'
SET_OPENJDK='OPENJDK=true'
SET_SHARED_LIBRARY_MAPFILE='-Xlinker -version-script=$1'
SET_SHARED_LIBRARY_NAME='-Xlinker -soname=$1'
SET_SHARED_LIBRARY_ORIGIN='-Xlinker -z -Xlinker origin -Xlinker -rpath -Xlinker \$$$$ORIGIN$1'
SH='/bin/sh'
SHARED_LIBRARY='lib$1.so'
SHARED_LIBRARY_FLAGS='-shared'
SHARED_LIBRARY_SUFFIX='.so'
SHELL='/bin/bash'
SJAVAC_SERVER_DIR=''
SJAVAC_SERVER_JAVA='/data/software/jdk1.8.0_60/bin/java  -verbosegc -d64 -Xms1G -Xmx3G'
SORT='/bin/sort'
SPEC='/data/software/jdk8/build/linux-x86_64-normal-server-release/spec.gmk'
SRC_ROOT='/data/software/jdk8'
STAT='/usr/bin/stat'
STATIC_CXX_SETTING='STATIC_CXX=true'
STATIC_LIBRARY='lib$1.a'
STATIC_LIBRARY_SUFFIX='.a'
STRIP='/usr/bin/strip'
SUPPORT_HEADFUL='yes'
SUPPORT_HEADLESS='yes'
SYS_ROOT='/'
TAIL='/usr/bin/tail'
TAR='/bin/tar'
TEE='/usr/bin/tee'
TEST_IN_BUILD='false'
TIME=''
TOOLS_DIR_CC=''
TOOLS_DIR_CXX=''
TOUCH='/bin/touch'
TR='/usr/bin/tr'
UNAME='/bin/uname'
UNIQ='/usr/bin/uniq'
UNLIMITED_CRYPTO='false'
UNZIP='/usr/bin/unzip'
USER_RELEASE_SUFFIX='root_2016_09_04_08_23'
USE_EXTERNAL_LIBGIF='false'
USE_EXTERNAL_LIBJPEG='false'
USE_EXTERNAL_LIBZ='false'
USE_PRECOMPILED_HEADER='1'
USING_BROKEN_SUSE_LD='no'
VARIANT='OPT'
VS_INCLUDE=''
VS_LIB=''
VS_PATH=''
WC='/usr/bin/wc'
WHICH='/usr/bin/which'
WINAR=''
WINLD=''
XARGS='/usr/bin/xargs'
XATTR=''
XCODEBUILD=''
XMKMF=''
X_CFLAGS=''
X_EXTRA_LIBS=''
X_LIBS=''
X_PRE_LIBS=' -lSM -lICE'
ZERO_ARCHDEF='AMD64'
ZERO_ARCHFLAG='-m64'
ZIP='/usr/bin/zip'
ZIP_DEBUGINFO_FILES='true'
ac_ct_CC=''
ac_ct_CXX=''
ac_ct_OBJC=''
ac_ct_OBJCOPY='objcopy'
ac_ct_OBJDUMP='objdump'
ac_ct_PROPER_COMPILER_CC=''
ac_ct_PROPER_COMPILER_CXX=''
bindir='${exec_prefix}/bin'
build='x86_64-unknown-linux-gnu'
build_alias=''
build_cpu='x86_64'
build_os='linux-gnu'
build_vendor='unknown'
datadir='${datarootdir}'
datarootdir='${prefix}/share'
docdir='${datarootdir}/doc/${PACKAGE_TARNAME}'
dvidir='${docdir}'
exec_prefix='${prefix}'
host='x86_64-unknown-linux-gnu'
host_alias=''
host_cpu='x86_64'
host_os='linux-gnu'
host_vendor='unknown'
htmldir='${docdir}'
includedir='${prefix}/include'
infodir='${datarootdir}/info'
libdir='${exec_prefix}/lib'
libexecdir='${exec_prefix}/libexec'
localedir='${datarootdir}/locale'
localstatedir='${prefix}/var'
mandir='${datarootdir}/man'
oldincludedir='/usr/include'
pdfdir='${docdir}'
prefix='/usr/local'
program_transform_name='s,x,x,'
psdir='${docdir}'
sbindir='${exec_prefix}/sbin'
sharedstatedir='${prefix}/com'
sysconfdir='${prefix}/etc'
target='x86_64-unknown-linux-gnu'
target_alias=''
target_cpu='x86_64'
target_os='linux-gnu'
target_vendor='unknown'

## ----------- ##
## confdefs.h. ##
## ----------- ##

/* confdefs.h */
#define PACKAGE_NAME "OpenJDK"
#define PACKAGE_TARNAME "openjdk"
#define PACKAGE_VERSION "jdk8"
#define PACKAGE_STRING "OpenJDK jdk8"
#define PACKAGE_BUGREPORT "build-dev@openjdk.java.net"
#define PACKAGE_URL "http://openjdk.java.net"
#define STDC_HEADERS 1
#define HAVE_SYS_TYPES_H 1
#define HAVE_SYS_STAT_H 1
#define HAVE_STDLIB_H 1
#define HAVE_STRING_H 1
#define HAVE_MEMORY_H 1
#define HAVE_STRINGS_H 1
#define HAVE_INTTYPES_H 1
#define HAVE_STDINT_H 1
#define HAVE_UNISTD_H 1
#define HAVE_STDIO_H 1
#define SIZEOF_INT_P 8
#define HAVE_X11_EXTENSIONS_SHAPE_H 1
#define HAVE_X11_EXTENSIONS_XRENDER_H 1
#define HAVE_X11_EXTENSIONS_XTEST_H 1
#define HAVE_X11_INTRINSIC_H 1
#define HAVE_CUPS_CUPS_H 1
#define HAVE_CUPS_PPD_H 1
#define HAVE_LIBM 1
#define HAVE_LIBDL 1

configure: exit 0
