This file contains any messages produced by compilers while
running configure, to aid debugging if configure makes a mistake.

It was created by OpenJDK configure jdk8, which was
generated by GNU Autoconf 2.69.  Invocation command line was

  $ ./common/autoconf/configure --enable-option-checking=fatal

## --------- ##
## Platform. ##
## --------- ##

hostname = YF-11114396M2.local
uname -m = x86_64
uname -r = 20.3.0
uname -s = Darwin
uname -v = Darwin Kernel Version 20.3.0: Thu Jan 21 00:07:06 PST 2021; root:xnu-7195.81.3~1/RELEASE_X86_64

/usr/bin/uname -p = i386
/bin/uname -X     = unknown

/bin/arch              = unknown
/usr/bin/arch -k       = unknown
/usr/convex/getsysinfo = unknown
/usr/bin/hostinfo      = Mach kernel version:
	 Darwin Kernel Version 20.3.0: Thu Jan 21 00:07:06 PST 2021; root:xnu-7195.81.3~1/RELEASE_X86_64
Kernel configured for up to 8 processors.
4 processors are physically available.
8 processors are logically available.
Processor type: x86_64h (Intel x86-64h Haswell)
Processors active: 0 1 2 3 4 5 6 7
Primary memory available: 16.00 gigabytes
Default processor set: 515 tasks, 2370 threads, 8 processors
Load average: 1.87, Mach factor: 6.12
/bin/machine           = unknown
/usr/bin/oslevel       = unknown
/bin/universe          = unknown

PATH: /usr/local/bin
PATH: /usr/bin
PATH: /bin
PATH: /usr/sbin
PATH: /sbin


## ----------- ##
## Core tests. ##
## ----------- ##

configure:3899: Configuration created at Mon Aug 23 19:29:07 CST 2021.
configure:3901: configure script generated at timestamp 1433258489.
configure:3918: checking for basename
configure:3936: found /usr/bin/basename
configure:3948: result: /usr/bin/basename
configure:3977: checking for bash
configure:4007: result: /bin/bash
configure:4036: checking for cat
configure:4054: found /bin/cat
configure:4066: result: /bin/cat
configure:4095: checking for chmod
configure:4113: found /bin/chmod
configure:4125: result: /bin/chmod
configure:4154: checking for cmp
configure:4172: found /usr/bin/cmp
configure:4184: result: /usr/bin/cmp
configure:4213: checking for comm
configure:4231: found /usr/bin/comm
configure:4243: result: /usr/bin/comm
configure:4272: checking for cp
configure:4290: found /bin/cp
configure:4302: result: /bin/cp
configure:4331: checking for cpio
configure:4349: found /usr/bin/cpio
configure:4361: result: /usr/bin/cpio
configure:4390: checking for cut
configure:4408: found /usr/bin/cut
configure:4420: result: /usr/bin/cut
configure:4449: checking for date
configure:4467: found /bin/date
configure:4479: result: /bin/date
configure:4508: checking for gdiff
configure:4541: result: no
configure:4508: checking for diff
configure:4526: found /usr/bin/diff
configure:4538: result: /usr/bin/diff
configure:4567: checking for dirname
configure:4585: found /usr/bin/dirname
configure:4597: result: /usr/bin/dirname
configure:4626: checking for echo
configure:4644: found /bin/echo
configure:4656: result: /bin/echo
configure:4685: checking for expr
configure:4703: found /bin/expr
configure:4715: result: /bin/expr
configure:4744: checking for file
configure:4762: found /usr/bin/file
configure:4774: result: /usr/bin/file
configure:4803: checking for find
configure:4821: found /usr/bin/find
configure:4833: result: /usr/bin/find
configure:4862: checking for head
configure:4880: found /usr/bin/head
configure:4892: result: /usr/bin/head
configure:4921: checking for ln
configure:4939: found /bin/ln
configure:4951: result: /bin/ln
configure:4980: checking for ls
configure:4998: found /bin/ls
configure:5010: result: /bin/ls
configure:5039: checking for mkdir
configure:5057: found /bin/mkdir
configure:5069: result: /bin/mkdir
configure:5098: checking for mktemp
configure:5116: found /usr/bin/mktemp
configure:5128: result: /usr/bin/mktemp
configure:5157: checking for mv
configure:5175: found /bin/mv
configure:5187: result: /bin/mv
configure:5216: checking for printf
configure:5234: found /usr/bin/printf
configure:5246: result: /usr/bin/printf
configure:5275: checking for rm
configure:5293: found /bin/rm
configure:5305: result: /bin/rm
configure:5334: checking for sh
configure:5352: found /bin/sh
configure:5364: result: /bin/sh
configure:5393: checking for sort
configure:5411: found /usr/bin/sort
configure:5423: result: /usr/bin/sort
configure:5452: checking for tail
configure:5470: found /usr/bin/tail
configure:5482: result: /usr/bin/tail
configure:5511: checking for tar
configure:5529: found /usr/bin/tar
configure:5541: result: /usr/bin/tar
configure:5570: checking for tee
configure:5588: found /usr/bin/tee
configure:5600: result: /usr/bin/tee
configure:5629: checking for touch
configure:5647: found /usr/bin/touch
configure:5659: result: /usr/bin/touch
configure:5688: checking for tr
configure:5706: found /usr/bin/tr
configure:5718: result: /usr/bin/tr
configure:5747: checking for uname
configure:5765: found /usr/bin/uname
configure:5777: result: /usr/bin/uname
configure:5806: checking for uniq
configure:5824: found /usr/bin/uniq
configure:5836: result: /usr/bin/uniq
configure:5865: checking for wc
configure:5883: found /usr/bin/wc
configure:5895: result: /usr/bin/wc
configure:5924: checking for which
configure:5942: found /usr/bin/which
configure:5954: result: /usr/bin/which
configure:5983: checking for xargs
configure:6001: found /usr/bin/xargs
configure:6013: result: /usr/bin/xargs
configure:6043: checking for gawk
configure:6073: result: no
configure:6043: checking for mawk
configure:6073: result: no
configure:6043: checking for nawk
configure:6073: result: no
configure:6043: checking for awk
configure:6059: found /usr/bin/awk
configure:6070: result: awk
configure:6093: checking for grep that handles long lines and -e
configure:6151: result: /usr/bin/grep
configure:6168: checking for egrep
configure:6230: result: /usr/bin/grep -E
configure:6247: checking for fgrep
configure:6309: result: /usr/bin/grep -F
configure:6326: checking for a sed that does not truncate output
configure:6390: result: /usr/bin/sed
configure:6412: checking for nawk
configure:6445: result: no
configure:6412: checking for gawk
configure:6445: result: no
configure:6412: checking for awk
configure:6430: found /usr/bin/awk
configure:6442: result: /usr/bin/awk
configure:6476: checking for cygpath
configure:6509: result: no
configure:6516: checking for readlink
configure:6534: found /usr/bin/readlink
configure:6546: result: /usr/bin/readlink
configure:6556: checking for df
configure:6574: found /bin/df
configure:6586: result: /bin/df
configure:6596: checking for SetFile
configure:6614: found /usr/bin/SetFile
configure:6626: result: /usr/bin/SetFile
configure:6642: checking build system type
configure:6656: result: x86_64-apple-darwin20.3.0
configure:6676: checking host system type
configure:6689: result: x86_64-apple-darwin20.3.0
configure:6709: checking target system type
configure:6722: result: x86_64-apple-darwin20.3.0
configure:6900: checking openjdk-build os-cpu
configure:6902: result: macosx-x86_64
configure:7037: checking openjdk-target os-cpu
configure:7039: result: macosx-x86_64
configure:7089: checking compilation type
configure:7091: result: native
configure:7800: checking for presence of closed sources
configure:7807: result: no
configure:7810: checking if closed source is suppressed (openjdk-only)
configure:7813: result: no
configure:7850: checking which variant of the JDK to build
configure:7867: result: normal
configure:7877: checking which interpreter of the JVM to build
configure:7898: result: template
configure:7915: checking which variants of the JVM to build
configure:7934: result: server
configure:8009: checking which debug level to use
configure:8033: result: release
configure:8198: checking what configuration name to use
configure:8200: result: macosx-x86_64-normal-server-release
configure:8367: checking for apt-get
configure:8397: result: no
configure:8367: checking for yum
configure:8397: result: no
configure:8367: checking for port
configure:8397: result: no
configure:8367: checking for pkgutil
configure:8383: found /usr/sbin/pkgutil
configure:8394: result: pkgutil
configure:8732: checking for gmake
configure:8765: result: no
configure:9086: checking for make
configure:9104: found /usr/bin/make
configure:9116: result: /usr/bin/make
configure:9131: Testing potential make at /usr/bin/make, found using make in PATH
configure:9399: Resolving FOUND_MAKE (as /usr/bin/make) failed, using /usr/bin/make directly.
configure:10158: Using GNU make 3.81 (or later) at /usr/bin/make (version: GNU Make 3.81)
configure:10164: checking if find supports -delete
configure:10180: result: yes
configure:10194: checking for unzip
configure:10212: found /usr/bin/unzip
configure:10224: result: /usr/bin/unzip
configure:10253: checking for zip
configure:10271: found /usr/bin/zip
configure:10283: result: /usr/bin/zip
configure:10312: checking for ldd
configure:10345: result: no
configure:10360: checking for readelf
configure:10393: result: no
configure:10360: checking for greadelf
configure:10393: result: no
configure:10403: checking for hg
configure:10436: result: no
configure:10443: checking for stat
configure:10461: found /usr/bin/stat
configure:10473: result: /usr/bin/stat
configure:10483: checking for time
configure:10501: found /usr/bin/time
configure:10513: result: /usr/bin/time
configure:10598: checking for dsymutil
configure:10616: found /usr/bin/dsymutil
configure:10628: result: /usr/bin/dsymutil
configure:10657: checking for xattr
configure:10675: found /usr/bin/xattr
configure:10687: result: /usr/bin/xattr
configure:10713: checking for codesign
configure:10731: found /usr/bin/codesign
configure:10743: result: /usr/bin/codesign
configure:10753: checking if openjdk_codesign certificate is present
error: The specified item could not be found in the keychain.
configure:10760: result: no
configure:10820: checking for pkg-config
configure:10838: found /usr/local/bin/pkg-config
configure:10850: result: /usr/local/bin/pkg-config
configure:10875: checking pkg-config is at least version 0.9.0
configure:10878: result: yes
configure:10993: checking for 7z
configure:11023: result: no
configure:10993: checking for unzip
configure:11009: found /usr/bin/unzip
configure:11020: result: unzip
configure:11039: checking for wget
configure:11055: found /usr/local/bin/wget
configure:11066: result: wget
configure:11093: checking headful support
configure:11117: result: include support for both headful and headless
configure:12174: Found potential Boot JDK using /usr/libexec/java_home
configure:12197: Potential Boot JDK found at /Library/Java/JavaVirtualMachines/jdk-13.0.2.jdk/Contents/Home did not contain an rt.jar; ignoring
configure:12361: checking for javac
configure:12379: found /usr/bin/javac
configure:12391: result: /usr/bin/javac
configure:12401: checking for java
configure:12419: found /usr/bin/java
configure:12431: result: /usr/bin/java
configure:12501: Found potential Boot JDK using java(c) in PATH
configure:12525: Potential Boot JDK found at /usr did not contain an rt.jar; ignoring
configure:14630: Found potential Boot JDK using well-known locations (in /Library/Java/JavaVirtualMachines/jdk1.8.0_241.jdk)
configure:14793: checking for Boot JDK
configure:14795: result: /Library/Java/JavaVirtualMachines/jdk1.8.0_241.jdk/Contents/Home
configure:14797: checking Boot JDK version
configure:14800: result: java version "1.8.0_241" Java(TM) SE Runtime Environment (build 1.8.0_241-b07) Java HotSpot(TM) 64-Bit Server VM (build 25.241-b07, mixed mode) 
configure:15969: checking for java in Boot JDK
configure:15979: result: ok
configure:15983: checking for javac in Boot JDK
configure:15993: result: ok
configure:15997: checking for javah in Boot JDK
configure:16007: result: ok
configure:16011: checking for javap in Boot JDK
configure:16021: result: ok
configure:16025: checking for jar in Boot JDK
configure:16035: result: ok
configure:16039: checking for rmic in Boot JDK
configure:16049: result: ok
configure:16053: checking for native2ascii in Boot JDK
configure:16063: result: ok
configure:16086: checking flags for boot jdk java command 
Check if jvm arg is ok: -XX:-PrintVMOptions -XX:-UnlockDiagnosticVMOptions -XX:-LogVMOutput
Command: /Library/Java/JavaVirtualMachines/jdk1.8.0_241.jdk/Contents/Home/bin/java -XX:-PrintVMOptions -XX:-UnlockDiagnosticVMOptions -XX:-LogVMOutput -version
Arg failed:
Error: VM option 'LogVMOutput' is diagnostic and must be enabled via -XX:+UnlockDiagnosticVMOptions.
Error: Could not create the Java Virtual Machine.
Error: A fatal exception has occurred. Program will exit.
Check if jvm arg is ok: 
Command: /Library/Java/JavaVirtualMachines/jdk1.8.0_241.jdk/Contents/Home/bin/java  -version
configure:16123: result:  
configure:16131: checking flags for boot jdk java command for big workloads
Check if jvm arg is ok: -Xms64M
Command: /Library/Java/JavaVirtualMachines/jdk1.8.0_241.jdk/Contents/Home/bin/java -Xms64M -version
Check if jvm arg is ok: -Xmx1600M
Command: /Library/Java/JavaVirtualMachines/jdk1.8.0_241.jdk/Contents/Home/bin/java -Xmx1600M -version
Check if jvm arg is ok: -XX:ThreadStackSize=1536
Command: /Library/Java/JavaVirtualMachines/jdk1.8.0_241.jdk/Contents/Home/bin/java -XX:ThreadStackSize=1536 -version
Check if jvm arg is ok: -XX:PermSize=32m
Command: /Library/Java/JavaVirtualMachines/jdk1.8.0_241.jdk/Contents/Home/bin/java -XX:PermSize=32m -version
Arg failed:
Java HotSpot(TM) 64-Bit Server VM warning: ignoring option PermSize=32m; support was removed in 8.0
java version "1.8.0_241"
Java(TM) SE Runtime Environment (build 1.8.0_241-b07)
Java HotSpot(TM) 64-Bit Server VM (build 25.241-b07, mixed mode)
Check if jvm arg is ok: -XX:MaxPermSize=160m
Command: /Library/Java/JavaVirtualMachines/jdk1.8.0_241.jdk/Contents/Home/bin/java -XX:MaxPermSize=160m -version
Arg failed:
Java HotSpot(TM) 64-Bit Server VM warning: ignoring option MaxPermSize=160m; support was removed in 8.0
java version "1.8.0_241"
Java(TM) SE Runtime Environment (build 1.8.0_241-b07)
Java HotSpot(TM) 64-Bit Server VM (build 25.241-b07, mixed mode)
configure:16225: result:  -Xms64M -Xmx1600M -XX:ThreadStackSize=1536
configure:16232: checking flags for boot jdk java command for small workloads
Check if jvm arg is ok: -XX:+UseSerialGC
Command: /Library/Java/JavaVirtualMachines/jdk1.8.0_241.jdk/Contents/Home/bin/java -XX:+UseSerialGC -version
Check if jvm arg is ok: -Xms32M
Command: /Library/Java/JavaVirtualMachines/jdk1.8.0_241.jdk/Contents/Home/bin/java -Xms32M -version
Check if jvm arg is ok: -Xmx512M
Command: /Library/Java/JavaVirtualMachines/jdk1.8.0_241.jdk/Contents/Home/bin/java -Xmx512M -version
configure:16282: result:  -XX:+UseSerialGC -Xms32M -Xmx512M
configure:16650: checking for jtreg
configure:16652: result: no
configure:19256: checking Determining if we need to set DEVELOPER_DIR
configure:19271: result: no
configure:19278: checking for xcodebuild
configure:19296: found /usr/bin/xcodebuild
configure:19308: result: /usr/bin/xcodebuild
configure:19324: error: Xcode 4 is required to build JDK 8, the version found was . Use --with-xcode-path to specify the location of Xcode 4 or make Xcode 4 active by using xcode-select.

## ---------------- ##
## Cache variables. ##
## ---------------- ##

ac_cv_build=x86_64-apple-darwin20.3.0
ac_cv_env_ALSA_CFLAGS_set=
ac_cv_env_ALSA_CFLAGS_value=
ac_cv_env_ALSA_LIBS_set=
ac_cv_env_ALSA_LIBS_value=
ac_cv_env_CCC_set=
ac_cv_env_CCC_value=
ac_cv_env_CC_set=
ac_cv_env_CC_value=
ac_cv_env_CFLAGS_set=
ac_cv_env_CFLAGS_value=
ac_cv_env_CPPFLAGS_set=
ac_cv_env_CPPFLAGS_value=
ac_cv_env_CPP_set=
ac_cv_env_CPP_value=
ac_cv_env_CXXCPP_set=
ac_cv_env_CXXCPP_value=
ac_cv_env_CXXFLAGS_set=
ac_cv_env_CXXFLAGS_value=
ac_cv_env_CXX_set=
ac_cv_env_CXX_value=
ac_cv_env_FREETYPE_CFLAGS_set=
ac_cv_env_FREETYPE_CFLAGS_value=
ac_cv_env_FREETYPE_LIBS_set=
ac_cv_env_FREETYPE_LIBS_value=
ac_cv_env_LDFLAGS_set=
ac_cv_env_LDFLAGS_value=
ac_cv_env_LIBFFI_CFLAGS_set=
ac_cv_env_LIBFFI_CFLAGS_value=
ac_cv_env_LIBFFI_LIBS_set=
ac_cv_env_LIBFFI_LIBS_value=
ac_cv_env_LIBS_set=
ac_cv_env_LIBS_value=
ac_cv_env_OBJCFLAGS_set=
ac_cv_env_OBJCFLAGS_value=
ac_cv_env_OBJC_set=
ac_cv_env_OBJC_value=
ac_cv_env_PKG_CONFIG_set=
ac_cv_env_PKG_CONFIG_value=
ac_cv_env_XMKMF_set=
ac_cv_env_XMKMF_value=
ac_cv_env_build_alias_set=
ac_cv_env_build_alias_value=
ac_cv_env_host_alias_set=
ac_cv_env_host_alias_value=
ac_cv_env_target_alias_set=
ac_cv_env_target_alias_value=
ac_cv_host=x86_64-apple-darwin20.3.0
ac_cv_path_BASENAME=/usr/bin/basename
ac_cv_path_BASH=/bin/bash
ac_cv_path_CAT=/bin/cat
ac_cv_path_CHECK_MAKE=/usr/bin/make
ac_cv_path_CHMOD=/bin/chmod
ac_cv_path_CMP=/usr/bin/cmp
ac_cv_path_CODESIGN=/usr/bin/codesign
ac_cv_path_COMM=/usr/bin/comm
ac_cv_path_CP=/bin/cp
ac_cv_path_CPIO=/usr/bin/cpio
ac_cv_path_CUT=/usr/bin/cut
ac_cv_path_DATE=/bin/date
ac_cv_path_DF=/bin/df
ac_cv_path_DIFF=/usr/bin/diff
ac_cv_path_DIRNAME=/usr/bin/dirname
ac_cv_path_DSYMUTIL=/usr/bin/dsymutil
ac_cv_path_ECHO=/bin/echo
ac_cv_path_EGREP='/usr/bin/grep -E'
ac_cv_path_EXPR=/bin/expr
ac_cv_path_FGREP='/usr/bin/grep -F'
ac_cv_path_FILE=/usr/bin/file
ac_cv_path_FIND=/usr/bin/find
ac_cv_path_GREP=/usr/bin/grep
ac_cv_path_HEAD=/usr/bin/head
ac_cv_path_JAVAC_CHECK=/usr/bin/javac
ac_cv_path_JAVA_CHECK=/usr/bin/java
ac_cv_path_LN=/bin/ln
ac_cv_path_LS=/bin/ls
ac_cv_path_MKDIR=/bin/mkdir
ac_cv_path_MKTEMP=/usr/bin/mktemp
ac_cv_path_MV=/bin/mv
ac_cv_path_NAWK=/usr/bin/awk
ac_cv_path_PRINTF=/usr/bin/printf
ac_cv_path_READLINK=/usr/bin/readlink
ac_cv_path_RM=/bin/rm
ac_cv_path_SED=/usr/bin/sed
ac_cv_path_SETFILE=/usr/bin/SetFile
ac_cv_path_SH=/bin/sh
ac_cv_path_SORT=/usr/bin/sort
ac_cv_path_STAT=/usr/bin/stat
ac_cv_path_TAIL=/usr/bin/tail
ac_cv_path_TAR=/usr/bin/tar
ac_cv_path_TEE=/usr/bin/tee
ac_cv_path_TIME=/usr/bin/time
ac_cv_path_TOUCH=/usr/bin/touch
ac_cv_path_TR=/usr/bin/tr
ac_cv_path_UNAME=/usr/bin/uname
ac_cv_path_UNIQ=/usr/bin/uniq
ac_cv_path_UNZIP=/usr/bin/unzip
ac_cv_path_WC=/usr/bin/wc
ac_cv_path_WHICH=/usr/bin/which
ac_cv_path_XARGS=/usr/bin/xargs
ac_cv_path_XATTR=/usr/bin/xattr
ac_cv_path_XCODEBUILD=/usr/bin/xcodebuild
ac_cv_path_ZIP=/usr/bin/zip
ac_cv_path_ac_pt_PKG_CONFIG=/usr/local/bin/pkg-config
ac_cv_prog_AWK=awk
ac_cv_prog_BDEPS_FTP=wget
ac_cv_prog_BDEPS_UNZIP=unzip
ac_cv_prog_PKGHANDLER=pkgutil
ac_cv_target=x86_64-apple-darwin20.3.0

## ----------------- ##
## Output variables. ##
## ----------------- ##

ADD_SRC_ROOT=''
ALSA_CFLAGS=''
ALSA_LIBS=''
AR=''
ARFLAGS=''
AR_OUT_OPTION='rcs$(SPACE)'
AS=''
AWK='awk'
BASENAME='/usr/bin/basename'
BASH='/bin/bash'
BDEPS_FTP='wget'
BDEPS_UNZIP='unzip'
BOOT_JDK='/Library/Java/JavaVirtualMachines/jdk1.8.0_241.jdk/Contents/Home'
BOOT_JDK_SOURCETARGET='-source 7 -target 7'
BOOT_RTJAR='/Library/Java/JavaVirtualMachines/jdk1.8.0_241.jdk/Contents/Home/jre/lib/rt.jar'
BOOT_TOOLSJAR='/Library/Java/JavaVirtualMachines/jdk1.8.0_241.jdk/Contents/Home/lib/tools.jar'
BUILD_CC=''
BUILD_CXX=''
BUILD_HEADLESS='BUILD_HEADLESS:=true'
BUILD_HOTSPOT='true'
BUILD_LD=''
BUILD_LOG='$(OUTPUT_ROOT)/build.log'
BUILD_LOG_PREVIOUS='$(OUTPUT_ROOT)/build.log.old'
BUILD_LOG_WRAPPER='$(BASH) $(SRC_ROOT)/common/bin/logger.sh $(BUILD_LOG)'
BUILD_OUTPUT='/Users/11114396/IdeaProjects/java-open/jdk8/build/macosx-x86_64-normal-server-release'
BUILD_VARIANT_RELEASE=''
CACERTS_FILE='/Users/11114396/IdeaProjects/java-open/jdk8/jdk/src/share/lib/security/cacerts'
CAT='/bin/cat'
CC=''
CCACHE=''
CC_OUT_OPTION='-o$(SPACE)'
CFLAGS=''
CFLAGS_DEBUG_SYMBOLS=''
CFLAGS_JDKEXE=''
CFLAGS_JDKLIB=''
CHECK_GMAKE=''
CHECK_MAKE='/usr/bin/make'
CHECK_TOOLSDIR_GMAKE=''
CHECK_TOOLSDIR_MAKE=''
CHMOD='/bin/chmod'
CMP='/usr/bin/cmp'
CODESIGN=''
COMM='/usr/bin/comm'
COMPANY_NAME='N/A'
COMPILER_NAME=''
COMPILER_SUPPORTS_TARGET_BITS_FLAG=''
COMPILER_TARGET_BITS_FLAG=''
COMPILER_TYPE=''
COMPILE_TYPE='native'
COMPRESS_JARS='false'
CONFIGURE_COMMAND_LINE=''
CONF_NAME='macosx-x86_64-normal-server-release'
COOKED_BUILD_NUMBER='0'
COOKED_JDK_UPDATE_VERSION='0'
COPYRIGHT_YEAR='2021'
CORBA_TOPDIR='/Users/11114396/IdeaProjects/java-open/jdk8/corba'
CP='/bin/cp'
CPIO='/usr/bin/cpio'
CPP=''
CPPFLAGS=''
CUPS_CFLAGS=''
CUSTOM_MAKE_DIR=''
CUT='/usr/bin/cut'
CXX=''
CXXCPP=''
CXXFLAGS=''
CXXFLAGS_DEBUG_SYMBOLS=''
CXXFLAGS_JDKEXE=''
CXXFLAGS_JDKLIB=''
CXX_FLAG_DEPS=''
CXX_FLAG_REORDER=''
CXX_O_FLAG_HI=''
CXX_O_FLAG_HIGHEST=''
CXX_O_FLAG_NONE=''
CXX_O_FLAG_NORM=''
CYGPATH=''
CYGWIN_LINK=''
C_FLAG_DEPS=''
C_FLAG_REORDER=''
C_O_FLAG_HI=''
C_O_FLAG_HIGHEST=''
C_O_FLAG_NONE=''
C_O_FLAG_NORM=''
DATE='/bin/date'
DATE_WHEN_CONFIGURED='Mon Aug 23 19:29:07 CST 2021'
DEBUG_CLASSFILES='false'
DEBUG_LEVEL='release'
DEFINE_CROSS_COMPILE_ARCH=''
DEFS=''
DF='/bin/df'
DIFF='/usr/bin/diff'
DIRNAME='/usr/bin/dirname'
DSYMUTIL='/usr/bin/dsymutil'
DUMPBIN=''
ECHO='/bin/echo'
ECHO_C='\c'
ECHO_N=''
ECHO_T=''
EGREP='/usr/bin/grep -E'
ENABLE_DEBUG_SYMBOLS=''
ENABLE_INTREE_EC=''
ENABLE_SJAVAC=''
EXEEXT=''
EXE_OUT_OPTION='-o$(SPACE)'
EXE_SUFFIX=''
EXPR='/bin/expr'
FASTDEBUG='false'
FGREP='/usr/bin/grep -F'
FILE='/usr/bin/file'
FIND='/usr/bin/find'
FIND_DELETE='-delete'
FIXPATH=''
FREETYPE_BUNDLE_LIB_PATH=''
FREETYPE_CFLAGS=''
FREETYPE_LIBS=''
GNM=''
GREP='/usr/bin/grep'
HEAD='/usr/bin/head'
HG=''
HOTSPOT_CXX=''
HOTSPOT_DIST='/Users/11114396/IdeaProjects/java-open/jdk8/build/macosx-x86_64-normal-server-release/hotspot/dist'
HOTSPOT_LD=''
HOTSPOT_MAKE_ARGS=''
HOTSPOT_MT=''
HOTSPOT_RC=''
HOTSPOT_TOPDIR='/Users/11114396/IdeaProjects/java-open/jdk8/hotspot'
INCLUDE_SA='true'
IS_GNU_TIME='no'
JAVAC_CHECK='/usr/bin/javac'
JAVAC_FLAGS=''
JAVA_CHECK='/usr/bin/java'
JAVA_FLAGS=' '
JAVA_FLAGS_BIG=' -Xms64M -Xmx1600M -XX:ThreadStackSize=1536'
JAVA_FLAGS_SMALL=' -XX:+UseSerialGC -Xms32M -Xmx512M'
JAXP_TOPDIR='/Users/11114396/IdeaProjects/java-open/jdk8/jaxp'
JAXWS_TOPDIR='/Users/11114396/IdeaProjects/java-open/jdk8/jaxws'
JDK_BUILD_NUMBER='b00'
JDK_MAJOR_VERSION='1'
JDK_MICRO_VERSION='0'
JDK_MINOR_VERSION='8'
JDK_RC_PLATFORM_NAME='Platform'
JDK_TOPDIR='/Users/11114396/IdeaProjects/java-open/jdk8/jdk'
JDK_UPDATE_VERSION=''
JDK_VARIANT='normal'
JDK_VERSION='1.8.0'
JOBS=''
JTREGEXE=''
JT_HOME=''
JVM_INTERPRETER='template'
JVM_VARIANTS=',server,'
JVM_VARIANT_CLIENT='false'
JVM_VARIANT_CORE='false'
JVM_VARIANT_KERNEL='false'
JVM_VARIANT_MINIMAL1='false'
JVM_VARIANT_SERVER='true'
JVM_VARIANT_ZERO='false'
JVM_VARIANT_ZEROSHARK='false'
LANGTOOLS_TOPDIR='/Users/11114396/IdeaProjects/java-open/jdk8/langtools'
LAUNCHER_NAME='openjdk'
LD=''
LDCXX=''
LDD='true'
LDEXE=''
LDEXECXX=''
LDFLAGS=''
LDFLAGS_CXX_JDK=''
LDFLAGS_JDKEXE=''
LDFLAGS_JDKEXE_SUFFIX=''
LDFLAGS_JDKLIB=''
LDFLAGS_JDKLIB_SUFFIX=''
LD_OUT_OPTION='-o$(SPACE)'
LEGACY_EXTRA_CFLAGS=''
LEGACY_EXTRA_CXXFLAGS=''
LEGACY_EXTRA_LDFLAGS=''
LIBCXX=''
LIBDL=''
LIBFFI_CFLAGS=''
LIBFFI_LIBS=''
LIBM=''
LIBOBJS=''
LIBRARY_PREFIX=''
LIBS=''
LIBZIP_CAN_USE_MMAP=''
LLVM_CFLAGS=''
LLVM_CONFIG=''
LLVM_LDFLAGS=''
LLVM_LIBS=''
LN='/bin/ln'
LP64='LP64:='
LS='/bin/ls'
LTLIBOBJS=''
MACOSX_BUNDLE_ID_BASE='net.java.openjdk'
MACOSX_BUNDLE_NAME_BASE='OpenJDK'
MACOSX_UNIVERSAL='false'
MACOSX_VERSION_MIN=''
MAKE='/usr/bin/make'
MCS=''
MEMORY_SIZE=''
MILESTONE='internal'
MKDIR='/bin/mkdir'
MKTEMP='/usr/bin/mktemp'
MSVCR_DLL=''
MT=''
MV='/bin/mv'
NASHORN_TOPDIR='/Users/11114396/IdeaProjects/java-open/jdk8/nashorn'
NAWK='/usr/bin/awk'
NM=''
NUM_CORES=''
OBJC=''
OBJCFLAGS=''
OBJCOPY=''
OBJDUMP=''
OBJEXT=''
OBJ_SUFFIX=''
OPENJDK_BUILD_AUTOCONF_NAME='x86_64-apple-darwin20.3.0'
OPENJDK_BUILD_CPU='x86_64'
OPENJDK_BUILD_CPU_ARCH='x86'
OPENJDK_BUILD_CPU_BITS='64'
OPENJDK_BUILD_CPU_ENDIAN='little'
OPENJDK_BUILD_OS='macosx'
OPENJDK_BUILD_OS_API='posix'
OPENJDK_TARGET_AUTOCONF_NAME='x86_64-apple-darwin20.3.0'
OPENJDK_TARGET_CPU='x86_64'
OPENJDK_TARGET_CPU_ARCH='x86'
OPENJDK_TARGET_CPU_BITS='64'
OPENJDK_TARGET_CPU_ENDIAN='little'
OPENJDK_TARGET_CPU_ISADIR=''
OPENJDK_TARGET_CPU_JLI_CFLAGS='-DLIBARCHNAME='\''"x86_64"'\'''
OPENJDK_TARGET_CPU_LEGACY='x86_64'
OPENJDK_TARGET_CPU_LEGACY_LIB='amd64'
OPENJDK_TARGET_CPU_LIBDIR=''
OPENJDK_TARGET_CPU_OSARCH='x86_64'
OPENJDK_TARGET_OS='macosx'
OPENJDK_TARGET_OS_API='posix'
OPENJDK_TARGET_OS_API_DIR='solaris'
OPENJDK_TARGET_OS_EXPORT_DIR='macosx'
OPENWIN_HOME=''
OS_VERSION_MAJOR='20'
OS_VERSION_MICRO='0'
OS_VERSION_MINOR='3'
OTOOL=''
OUTPUT_ROOT='/Users/11114396/IdeaProjects/java-open/jdk8/build/macosx-x86_64-normal-server-release'
OVERRIDE_SRC_ROOT=''
PACKAGE_BUGREPORT='build-dev@openjdk.java.net'
PACKAGE_NAME='OpenJDK'
PACKAGE_PATH=''
PACKAGE_STRING='OpenJDK jdk8'
PACKAGE_TARNAME='openjdk'
PACKAGE_URL='http://openjdk.java.net'
PACKAGE_VERSION='jdk8'
PATH_SEP=':'
PATH_SEPARATOR=':'
PKGHANDLER='pkgutil'
PKG_CONFIG='/usr/local/bin/pkg-config'
POST_MCS_CMD=''
POST_STRIP_CMD=''
POTENTIAL_CC=''
POTENTIAL_CXX=''
PRINTF='/usr/bin/printf'
PRODUCT_NAME='OpenJDK'
PRODUCT_SUFFIX='Runtime Environment'
PROPER_COMPILER_CC=''
PROPER_COMPILER_CXX=''
RC=''
RC_FLAGS=''
READELF=''
READLINK=''
REQUIRED_OS_NAME='Darwin'
REQUIRED_OS_VERSION='11.2'
RM='/bin/rm -f'
SALIB_NAME=''
SDKPATH=''
SED='/usr/bin/sed'
SETFILE='/usr/bin/SetFile'
SET_DEVELOPER_DIR=''
SET_EXECUTABLE_ORIGIN=''
SET_OPENJDK='OPENJDK=true'
SET_SHARED_LIBRARY_MAPFILE=''
SET_SHARED_LIBRARY_NAME=''
SET_SHARED_LIBRARY_ORIGIN=''
SH='/bin/sh'
SHARED_LIBRARY=''
SHARED_LIBRARY_FLAGS=''
SHARED_LIBRARY_SUFFIX=''
SHELL='/bin/bash'
SJAVAC_SERVER_DIR=''
SJAVAC_SERVER_JAVA=''
SORT='/usr/bin/sort'
SPEC='/Users/11114396/IdeaProjects/java-open/jdk8/build/macosx-x86_64-normal-server-release/spec.gmk'
SRC_ROOT='/Users/11114396/IdeaProjects/java-open/jdk8'
STAT='/usr/bin/stat'
STATIC_CXX_SETTING=''
STATIC_LIBRARY=''
STATIC_LIBRARY_SUFFIX=''
STRIP=''
SUPPORT_HEADFUL='yes'
SUPPORT_HEADLESS='yes'
SYS_ROOT='/'
TAIL='/usr/bin/tail'
TAR='/usr/bin/tar'
TEE='/usr/bin/tee'
TEST_IN_BUILD='false'
TIME='/usr/bin/time'
TOOLS_DIR_CC=''
TOOLS_DIR_CXX=''
TOUCH='/usr/bin/touch'
TR='/usr/bin/tr'
UNAME='/usr/bin/uname'
UNIQ='/usr/bin/uniq'
UNLIMITED_CRYPTO='false'
UNZIP='/usr/bin/unzip'
USER_RELEASE_SUFFIX='11114396_2021_08_23_19_29'
USE_EXTERNAL_LIBGIF=''
USE_EXTERNAL_LIBJPEG=''
USE_EXTERNAL_LIBZ=''
USE_PRECOMPILED_HEADER=''
USING_BROKEN_SUSE_LD=''
VARIANT='OPT'
VS_INCLUDE=''
VS_LIB=''
VS_PATH=''
WC='/usr/bin/wc'
WHICH='/usr/bin/which'
WINAR=''
WINLD=''
XARGS='/usr/bin/xargs'
XATTR='/usr/bin/xattr'
XCODEBUILD='/usr/bin/xcodebuild'
XMKMF=''
X_CFLAGS=''
X_EXTRA_LIBS=''
X_LIBS=''
X_PRE_LIBS=''
ZERO_ARCHDEF='AMD64'
ZERO_ARCHFLAG=''
ZIP='/usr/bin/zip'
ZIP_DEBUGINFO_FILES=''
ac_ct_CC=''
ac_ct_CXX=''
ac_ct_OBJC=''
ac_ct_OBJCOPY=''
ac_ct_OBJDUMP=''
ac_ct_PROPER_COMPILER_CC=''
ac_ct_PROPER_COMPILER_CXX=''
bindir='${exec_prefix}/bin'
build='x86_64-apple-darwin20.3.0'
build_alias=''
build_cpu='x86_64'
build_os='darwin20.3.0'
build_vendor='apple'
datadir='${datarootdir}'
datarootdir='${prefix}/share'
docdir='${datarootdir}/doc/${PACKAGE_TARNAME}'
dvidir='${docdir}'
exec_prefix='NONE'
host='x86_64-apple-darwin20.3.0'
host_alias=''
host_cpu='x86_64'
host_os='darwin20.3.0'
host_vendor='apple'
htmldir='${docdir}'
includedir='${prefix}/include'
infodir='${datarootdir}/info'
libdir='${exec_prefix}/lib'
libexecdir='${exec_prefix}/libexec'
localedir='${datarootdir}/locale'
localstatedir='${prefix}/var'
mandir='${datarootdir}/man'
oldincludedir='/usr/include'
pdfdir='${docdir}'
prefix='NONE'
program_transform_name='s,x,x,'
psdir='${docdir}'
sbindir='${exec_prefix}/sbin'
sharedstatedir='${prefix}/com'
sysconfdir='${prefix}/etc'
target='x86_64-apple-darwin20.3.0'
target_alias=''
target_cpu='x86_64'
target_os='darwin20.3.0'
target_vendor='apple'

## ----------- ##
## confdefs.h. ##
## ----------- ##

/* confdefs.h */
#define PACKAGE_NAME "OpenJDK"
#define PACKAGE_TARNAME "openjdk"
#define PACKAGE_VERSION "jdk8"
#define PACKAGE_STRING "OpenJDK jdk8"
#define PACKAGE_BUGREPORT "build-dev@openjdk.java.net"
#define PACKAGE_URL "http://openjdk.java.net"

configure: exit 1
